2025-01-08 10:55:15,804 - nontion_sync.tasks - INFO - Processing NotionDbConfig: Аналітика по сервісам
2025-01-08 10:55:17,638 - httpx - INFO - HTTP Request: POST https://api.notion.com/v1/databases/13e3a17e5d7f80da9a55e1a01feda7b3/query "HTTP/1.1 200 OK"
2025-01-08 10:55:17,642 - notion_sync - INFO - Fetched 6 records from Notion.
2025-01-08 10:55:17,651 - notion_sync - INFO - ✅ Synced record: Order №  39 
2025-01-08 10:55:17,652 - notion_sync - INFO - ✅ Synced record: Order №  37 
2025-01-08 10:55:17,653 - notion_sync - INFO - ✅ Synced record: Робота по Дія Сіті 33 4
2025-01-08 10:55:17,653 - notion_sync - INFO - ✅ Synced record: Формування бюджету
2025-01-08 10:55:17,654 - notion_sync - INFO - ✅ Synced record: Звіт по CF за місяць
2025-01-08 10:55:17,654 - notion_sync - INFO - ✅ Synced record: Робота по Дія Сіті
2025-01-08 10:55:17,654 - notion_sync - INFO - Sync completed. 6/6 records synced.
2025-01-08 10:55:17,654 - nontion_sync.tasks - INFO - ✅ Sync result for 13e3a17e5d7f80da9a55e1a01feda7b3: Sync completed. 6/6 records synced.
2025-01-08 10:55:17,655 - nontion_sync.tasks - INFO - Processing NotionDbConfig: Аналітика по сервісам
2025-01-08 10:55:18,444 - httpx - INFO - HTTP Request: POST https://api.notion.com/v1/databases/1733a17e5d7f8009bbf6d7c68b1cacf1/query "HTTP/1.1 200 OK"
2025-01-08 10:55:18,838 - httpx - INFO - HTTP Request: POST https://api.notion.com/v1/databases/1733a17e5d7f8009bbf6d7c68b1cacf1/query "HTTP/1.1 200 OK"
2025-01-08 10:55:22,052 - httpx - INFO - HTTP Request: PATCH https://api.notion.com/v1/pages/1743a17e-5d7f-813f-a6c3-ea5e5f63e9fe "HTTP/1.1 200 OK"
2025-01-08 10:55:22,084 - notion_sync - INFO - Updated record with service_id: 116
2025-01-08 10:55:22,402 - httpx - INFO - HTTP Request: POST https://api.notion.com/v1/databases/1733a17e5d7f8009bbf6d7c68b1cacf1/query "HTTP/1.1 200 OK"
2025-01-08 10:55:23,507 - httpx - INFO - HTTP Request: PATCH https://api.notion.com/v1/pages/1743a17e-5d7f-8175-a1ef-e145ddfae7ea "HTTP/1.1 200 OK"
2025-01-08 10:55:23,508 - notion_sync - INFO - Updated record with service_id: 122
2025-01-08 10:55:23,979 - httpx - INFO - HTTP Request: POST https://api.notion.com/v1/databases/1733a17e5d7f8009bbf6d7c68b1cacf1/query "HTTP/1.1 200 OK"
2025-01-08 10:55:24,443 - httpx - INFO - HTTP Request: PATCH https://api.notion.com/v1/pages/1743a17e-5d7f-81a5-b00c-e642d8aa8dae "HTTP/1.1 200 OK"
2025-01-08 10:55:24,444 - notion_sync - INFO - Updated record with service_id: 143
2025-01-08 10:55:25,522 - httpx - INFO - HTTP Request: POST https://api.notion.com/v1/databases/1733a17e5d7f8009bbf6d7c68b1cacf1/query "HTTP/1.1 200 OK"
2025-01-08 10:55:26,661 - httpx - INFO - HTTP Request: POST https://api.notion.com/v1/pages "HTTP/1.1 200 OK"
2025-01-08 10:55:26,663 - notion_sync - INFO - Created new record with service_id: 145
2025-01-08 10:55:26,663 - notion_sync - INFO - ✅ Successfully synced 4 records.
2025-01-08 10:55:26,663 - nontion_sync.tasks - INFO - ✅ Sync result for 1733a17e5d7f8009bbf6d7c68b1cacf1: Sync completed. 4 records synced.
2025-01-08 10:55:26,666 - nontion_sync.tasks - INFO - Processing NotionDbConfig: Аналітика по людям
2025-01-08 10:55:27,266 - httpx - INFO - HTTP Request: POST https://api.notion.com/v1/databases/1743a17e5d7f80daa1e2c6c5c7cc979c/query "HTTP/1.1 200 OK"
2025-01-08 10:55:31,564 - httpx - INFO - HTTP Request: PATCH https://api.notion.com/v1/pages/1743a17e-5d7f-819a-b15a-c2abc5fcfe2d "HTTP/1.1 200 OK"
2025-01-08 10:55:31,564 - notion_sync - INFO - Updated record with responsible: Insomnia
2025-01-08 10:55:31,874 - httpx - INFO - HTTP Request: POST https://api.notion.com/v1/databases/1743a17e5d7f80daa1e2c6c5c7cc979c/query "HTTP/1.1 200 OK"
2025-01-08 10:55:32,428 - httpx - INFO - HTTP Request: PATCH https://api.notion.com/v1/pages/1743a17e-5d7f-81d5-9336-d572a6cf1112 "HTTP/1.1 200 OK"
2025-01-08 10:55:32,429 - notion_sync - INFO - Updated record with responsible: Mirage
2025-01-08 10:55:32,739 - httpx - INFO - HTTP Request: POST https://api.notion.com/v1/databases/1743a17e5d7f80daa1e2c6c5c7cc979c/query "HTTP/1.1 200 OK"
2025-01-08 10:55:33,571 - httpx - INFO - HTTP Request: PATCH https://api.notion.com/v1/pages/1743a17e-5d7f-811c-9129-c6abd0ecc4c7 "HTTP/1.1 200 OK"
2025-01-08 10:55:33,572 - notion_sync - INFO - Updated record with responsible: Voice
2025-01-08 10:55:33,572 - notion_sync - INFO - ✅ Successfully synced 3 records.
2025-01-08 10:55:33,572 - nontion_sync.tasks - INFO - ✅ Sync result for 1743a17e5d7f80daa1e2c6c5c7cc979c: Sync completed. 3 records synced.
2025-01-08 10:55:33,573 - nontion_sync.tasks - INFO - Processing NotionDbConfig: Аналітика по бізнесюнітам
2025-01-08 10:55:36,783 - httpx - INFO - HTTP Request: POST https://api.notion.com/v1/databases/1743a17e5d7f801b8009d5b5788e8c00/query "HTTP/1.1 200 OK"
2025-01-08 10:55:40,294 - httpx - INFO - HTTP Request: PATCH https://api.notion.com/v1/pages/1743a17e-5d7f-8184-b200-c7c1a3eeea59 "HTTP/1.1 200 OK"
2025-01-08 10:55:40,295 - notion_sync - INFO - Updated record with responsible: 1
2025-01-08 10:55:40,933 - httpx - INFO - HTTP Request: POST https://api.notion.com/v1/databases/1743a17e5d7f801b8009d5b5788e8c00/query "HTTP/1.1 200 OK"
2025-01-08 10:55:41,879 - httpx - INFO - HTTP Request: PATCH https://api.notion.com/v1/pages/1743a17e-5d7f-8124-970d-e308d74fe818 "HTTP/1.1 200 OK"
2025-01-08 10:55:41,879 - notion_sync - INFO - Updated record with responsible: 6
2025-01-08 10:55:43,724 - httpx - INFO - HTTP Request: POST https://api.notion.com/v1/databases/1743a17e5d7f801b8009d5b5788e8c00/query "HTTP/1.1 200 OK"
2025-01-08 10:55:44,838 - httpx - INFO - HTTP Request: PATCH https://api.notion.com/v1/pages/1743a17e-5d7f-8107-9fb4-f6ee50f085f2 "HTTP/1.1 200 OK"
2025-01-08 10:55:44,839 - notion_sync - INFO - Updated record with responsible: 15
2025-01-08 10:55:44,839 - notion_sync - INFO - ✅ Successfully synced 3 records.
2025-01-08 10:55:44,839 - nontion_sync.tasks - INFO - ✅ Sync result for 1743a17e5d7f801b8009d5b5788e8c00: Sync completed. 3 records synced.
2025-01-08 10:56:28,180 - nontion_sync.tasks - INFO - Processing NotionDbConfig: Аналітика по сервісам
2025-01-08 10:56:29,290 - httpx - INFO - HTTP Request: POST https://api.notion.com/v1/databases/13e3a17e5d7f80da9a55e1a01feda7b3/query "HTTP/1.1 200 OK"
2025-01-08 10:56:29,293 - notion_sync - INFO - Fetched 6 records from Notion.
2025-01-08 10:56:29,294 - notion_sync - INFO - ✅ Synced record: Order №  39 
2025-01-08 10:56:29,295 - notion_sync - INFO - ✅ Synced record: Order №  37 
2025-01-08 10:56:29,295 - notion_sync - INFO - ✅ Synced record: Робота по Дія Сіті 33 4
2025-01-08 10:56:29,296 - notion_sync - INFO - ✅ Synced record: Формування бюджету
2025-01-08 10:56:29,296 - notion_sync - INFO - ✅ Synced record: Звіт по CF за місяць
2025-01-08 10:56:29,297 - notion_sync - INFO - ✅ Synced record: Робота по Дія Сіті
2025-01-08 10:56:29,297 - notion_sync - INFO - Sync completed. 6/6 records synced.
2025-01-08 10:56:29,297 - nontion_sync.tasks - INFO - ✅ Sync result for 13e3a17e5d7f80da9a55e1a01feda7b3: Sync completed. 6/6 records synced.
2025-01-08 10:56:29,298 - nontion_sync.tasks - INFO - Processing NotionDbConfig: Аналітика по сервісам
2025-01-08 10:56:29,906 - httpx - INFO - HTTP Request: POST https://api.notion.com/v1/databases/1733a17e5d7f8009bbf6d7c68b1cacf1/query "HTTP/1.1 200 OK"
2025-01-08 10:56:30,217 - httpx - INFO - HTTP Request: POST https://api.notion.com/v1/databases/1733a17e5d7f8009bbf6d7c68b1cacf1/query "HTTP/1.1 200 OK"
2025-01-08 10:56:35,451 - httpx - INFO - HTTP Request: PATCH https://api.notion.com/v1/pages/1743a17e-5d7f-813f-a6c3-ea5e5f63e9fe "HTTP/1.1 200 OK"
2025-01-08 10:56:35,538 - notion_sync - INFO - Updated record with service_id: 116
2025-01-08 10:56:37,273 - httpx - INFO - HTTP Request: POST https://api.notion.com/v1/databases/1733a17e5d7f8009bbf6d7c68b1cacf1/query "HTTP/1.1 200 OK"
2025-01-08 10:56:38,687 - httpx - INFO - HTTP Request: PATCH https://api.notion.com/v1/pages/1743a17e-5d7f-8175-a1ef-e145ddfae7ea "HTTP/1.1 200 OK"
2025-01-08 10:56:38,688 - notion_sync - INFO - Updated record with service_id: 122
2025-01-08 10:56:39,091 - httpx - INFO - HTTP Request: POST https://api.notion.com/v1/databases/1733a17e5d7f8009bbf6d7c68b1cacf1/query "HTTP/1.1 200 OK"
2025-01-08 10:56:39,576 - httpx - INFO - HTTP Request: PATCH https://api.notion.com/v1/pages/1743a17e-5d7f-81a5-b00c-e642d8aa8dae "HTTP/1.1 200 OK"
2025-01-08 10:56:39,576 - notion_sync - INFO - Updated record with service_id: 143
2025-01-08 10:56:40,031 - httpx - INFO - HTTP Request: POST https://api.notion.com/v1/databases/1733a17e5d7f8009bbf6d7c68b1cacf1/query "HTTP/1.1 200 OK"
2025-01-08 10:56:40,726 - httpx - INFO - HTTP Request: PATCH https://api.notion.com/v1/pages/1753a17e-5d7f-8195-93ba-d98d15377ce6 "HTTP/1.1 200 OK"
2025-01-08 10:56:40,727 - notion_sync - INFO - Updated record with service_id: 145
2025-01-08 10:56:40,727 - notion_sync - INFO - ✅ Successfully synced 4 records.
2025-01-08 10:56:40,727 - nontion_sync.tasks - INFO - ✅ Sync result for 1733a17e5d7f8009bbf6d7c68b1cacf1: Sync completed. 4 records synced.
2025-01-08 10:56:40,729 - nontion_sync.tasks - INFO - Processing NotionDbConfig: Аналітика по людям
2025-01-08 10:56:41,417 - httpx - INFO - HTTP Request: POST https://api.notion.com/v1/databases/1743a17e5d7f80daa1e2c6c5c7cc979c/query "HTTP/1.1 200 OK"
2025-01-08 10:56:41,995 - httpx - INFO - HTTP Request: PATCH https://api.notion.com/v1/pages/1743a17e-5d7f-819a-b15a-c2abc5fcfe2d "HTTP/1.1 200 OK"
2025-01-08 10:56:41,996 - notion_sync - INFO - Updated record with responsible: Insomnia
2025-01-08 10:56:42,377 - httpx - INFO - HTTP Request: POST https://api.notion.com/v1/databases/1743a17e5d7f80daa1e2c6c5c7cc979c/query "HTTP/1.1 200 OK"
2025-01-08 10:56:45,540 - httpx - INFO - HTTP Request: PATCH https://api.notion.com/v1/pages/1743a17e-5d7f-81d5-9336-d572a6cf1112 "HTTP/1.1 200 OK"
2025-01-08 10:56:45,609 - notion_sync - INFO - Updated record with responsible: Mirage
2025-01-08 10:56:46,822 - httpx - INFO - HTTP Request: POST https://api.notion.com/v1/databases/1743a17e5d7f80daa1e2c6c5c7cc979c/query "HTTP/1.1 200 OK"
2025-01-08 10:56:47,430 - httpx - INFO - HTTP Request: PATCH https://api.notion.com/v1/pages/1743a17e-5d7f-811c-9129-c6abd0ecc4c7 "HTTP/1.1 200 OK"
2025-01-08 10:56:47,431 - notion_sync - INFO - Updated record with responsible: Voice
2025-01-08 10:56:47,431 - notion_sync - INFO - ✅ Successfully synced 3 records.
2025-01-08 10:56:47,431 - nontion_sync.tasks - INFO - ✅ Sync result for 1743a17e5d7f80daa1e2c6c5c7cc979c: Sync completed. 3 records synced.
2025-01-08 10:56:47,433 - nontion_sync.tasks - INFO - Processing NotionDbConfig: Аналітика по бізнесюнітам
2025-01-08 10:56:48,122 - httpx - INFO - HTTP Request: POST https://api.notion.com/v1/databases/1743a17e5d7f801b8009d5b5788e8c00/query "HTTP/1.1 200 OK"
2025-01-08 10:56:48,622 - httpx - INFO - HTTP Request: PATCH https://api.notion.com/v1/pages/1743a17e-5d7f-8184-b200-c7c1a3eeea59 "HTTP/1.1 200 OK"
2025-01-08 10:56:48,624 - notion_sync - INFO - Updated record with responsible: 1
2025-01-08 10:56:50,103 - httpx - INFO - HTTP Request: POST https://api.notion.com/v1/databases/1743a17e5d7f801b8009d5b5788e8c00/query "HTTP/1.1 200 OK"
2025-01-08 10:56:56,448 - httpx - INFO - HTTP Request: PATCH https://api.notion.com/v1/pages/1743a17e-5d7f-8124-970d-e308d74fe818 "HTTP/1.1 200 OK"
2025-01-08 10:56:56,448 - notion_sync - INFO - Updated record with responsible: 6
2025-01-08 10:56:57,074 - httpx - INFO - HTTP Request: POST https://api.notion.com/v1/databases/1743a17e5d7f801b8009d5b5788e8c00/query "HTTP/1.1 200 OK"
2025-01-08 10:56:58,183 - httpx - INFO - HTTP Request: PATCH https://api.notion.com/v1/pages/1743a17e-5d7f-8107-9fb4-f6ee50f085f2 "HTTP/1.1 200 OK"
2025-01-08 10:56:58,184 - notion_sync - INFO - Updated record with responsible: 15
2025-01-08 10:56:58,184 - notion_sync - INFO - ✅ Successfully synced 3 records.
2025-01-08 10:56:58,185 - nontion_sync.tasks - INFO - ✅ Sync result for 1743a17e5d7f801b8009d5b5788e8c00: Sync completed. 3 records synced.
2025-01-08 11:01:04,066 - nontion_sync.tasks - INFO - Processing NotionDbConfig: Аналітика по сервісам
2025-01-08 11:01:05,116 - httpx - INFO - HTTP Request: POST https://api.notion.com/v1/databases/13e3a17e5d7f80da9a55e1a01feda7b3/query "HTTP/1.1 200 OK"
2025-01-08 11:01:05,118 - notion_sync - INFO - Fetched 6 records from Notion.
2025-01-08 11:01:05,120 - notion_sync - INFO - ✅ Synced record: Order №  39 
2025-01-08 11:01:05,121 - notion_sync - INFO - ✅ Synced record: Order №  37 
2025-01-08 11:01:05,122 - notion_sync - INFO - ✅ Synced record: Робота по Дія Сіті 33 4
2025-01-08 11:01:05,122 - notion_sync - INFO - ✅ Synced record: Формування бюджету
2025-01-08 11:01:05,123 - notion_sync - INFO - ✅ Synced record: Звіт по CF за місяць
2025-01-08 11:01:05,123 - notion_sync - INFO - ✅ Synced record: Робота по Дія Сіті
2025-01-08 11:01:05,123 - notion_sync - INFO - Sync completed. 6/6 records synced.
2025-01-08 11:01:05,124 - nontion_sync.tasks - INFO - ✅ Sync result for 13e3a17e5d7f80da9a55e1a01feda7b3: Sync completed. 6/6 records synced.
2025-01-08 11:01:05,125 - nontion_sync.tasks - INFO - Processing NotionDbConfig: Аналітика по сервісам
2025-01-08 11:01:05,760 - httpx - INFO - HTTP Request: POST https://api.notion.com/v1/databases/1733a17e5d7f8009bbf6d7c68b1cacf1/query "HTTP/1.1 200 OK"
2025-01-08 11:01:06,099 - httpx - INFO - HTTP Request: POST https://api.notion.com/v1/databases/1733a17e5d7f8009bbf6d7c68b1cacf1/query "HTTP/1.1 200 OK"
2025-01-08 11:01:07,483 - httpx - INFO - HTTP Request: PATCH https://api.notion.com/v1/pages/1743a17e-5d7f-813f-a6c3-ea5e5f63e9fe "HTTP/1.1 200 OK"
2025-01-08 11:01:07,483 - notion_sync - INFO - Updated record with service_id: 116
2025-01-08 11:01:07,944 - httpx - INFO - HTTP Request: POST https://api.notion.com/v1/databases/1733a17e5d7f8009bbf6d7c68b1cacf1/query "HTTP/1.1 200 OK"
2025-01-08 11:01:08,583 - httpx - INFO - HTTP Request: PATCH https://api.notion.com/v1/pages/1743a17e-5d7f-8175-a1ef-e145ddfae7ea "HTTP/1.1 200 OK"
2025-01-08 11:01:08,584 - notion_sync - INFO - Updated record with service_id: 122
2025-01-08 11:01:09,139 - httpx - INFO - HTTP Request: POST https://api.notion.com/v1/databases/1733a17e5d7f8009bbf6d7c68b1cacf1/query "HTTP/1.1 200 OK"
2025-01-08 11:01:10,880 - httpx - INFO - HTTP Request: PATCH https://api.notion.com/v1/pages/1743a17e-5d7f-81a5-b00c-e642d8aa8dae "HTTP/1.1 200 OK"
2025-01-08 11:01:10,891 - notion_sync - INFO - Updated record with service_id: 143
2025-01-08 11:01:11,234 - httpx - INFO - HTTP Request: POST https://api.notion.com/v1/databases/1733a17e5d7f8009bbf6d7c68b1cacf1/query "HTTP/1.1 200 OK"
2025-01-08 11:01:12,771 - httpx - INFO - HTTP Request: PATCH https://api.notion.com/v1/pages/1753a17e-5d7f-8195-93ba-d98d15377ce6 "HTTP/1.1 200 OK"
2025-01-08 11:01:12,772 - notion_sync - INFO - Updated record with service_id: 145
2025-01-08 11:01:12,772 - notion_sync - INFO - ✅ Successfully synced 4 records.
2025-01-08 11:01:12,772 - nontion_sync.tasks - INFO - ✅ Sync result for 1733a17e5d7f8009bbf6d7c68b1cacf1: Sync completed. 4 records synced.
2025-01-08 11:01:12,773 - nontion_sync.tasks - INFO - Processing NotionDbConfig: Аналітика по людям
2025-01-08 11:01:13,991 - httpx - INFO - HTTP Request: POST https://api.notion.com/v1/databases/1743a17e5d7f80daa1e2c6c5c7cc979c/query "HTTP/1.1 200 OK"
2025-01-08 11:01:17,238 - httpx - INFO - HTTP Request: PATCH https://api.notion.com/v1/pages/1743a17e-5d7f-819a-b15a-c2abc5fcfe2d "HTTP/1.1 200 OK"
2025-01-08 11:01:17,239 - notion_sync - INFO - Updated record with responsible: Insomnia
2025-01-08 11:01:17,634 - httpx - INFO - HTTP Request: POST https://api.notion.com/v1/databases/1743a17e5d7f80daa1e2c6c5c7cc979c/query "HTTP/1.1 200 OK"
2025-01-08 11:01:19,662 - httpx - INFO - HTTP Request: PATCH https://api.notion.com/v1/pages/1743a17e-5d7f-81d5-9336-d572a6cf1112 "HTTP/1.1 200 OK"
2025-01-08 11:01:19,663 - notion_sync - INFO - Updated record with responsible: Mirage
2025-01-08 11:01:22,834 - httpx - INFO - HTTP Request: POST https://api.notion.com/v1/databases/1743a17e5d7f80daa1e2c6c5c7cc979c/query "HTTP/1.1 200 OK"
2025-01-08 11:01:23,610 - httpx - INFO - HTTP Request: PATCH https://api.notion.com/v1/pages/1743a17e-5d7f-811c-9129-c6abd0ecc4c7 "HTTP/1.1 200 OK"
2025-01-08 11:01:23,631 - notion_sync - INFO - Updated record with responsible: Voice
2025-01-08 11:01:23,631 - notion_sync - INFO - ✅ Successfully synced 3 records.
2025-01-08 11:01:23,631 - nontion_sync.tasks - INFO - ✅ Sync result for 1743a17e5d7f80daa1e2c6c5c7cc979c: Sync completed. 3 records synced.
2025-01-08 11:01:23,633 - nontion_sync.tasks - INFO - Processing NotionDbConfig: Аналітика по бізнесюнітам
2025-01-08 11:01:24,407 - httpx - INFO - HTTP Request: POST https://api.notion.com/v1/databases/1743a17e5d7f801b8009d5b5788e8c00/query "HTTP/1.1 200 OK"
2025-01-08 11:01:25,590 - httpx - INFO - HTTP Request: PATCH https://api.notion.com/v1/pages/1743a17e-5d7f-8184-b200-c7c1a3eeea59 "HTTP/1.1 200 OK"
2025-01-08 11:01:25,591 - notion_sync - INFO - Updated record with responsible: 1
2025-01-08 11:01:26,132 - httpx - INFO - HTTP Request: POST https://api.notion.com/v1/databases/1743a17e5d7f801b8009d5b5788e8c00/query "HTTP/1.1 200 OK"
2025-01-08 11:01:26,973 - httpx - INFO - HTTP Request: PATCH https://api.notion.com/v1/pages/1743a17e-5d7f-8124-970d-e308d74fe818 "HTTP/1.1 200 OK"
2025-01-08 11:01:26,974 - notion_sync - INFO - Updated record with responsible: 6
2025-01-08 11:01:27,904 - httpx - INFO - HTTP Request: POST https://api.notion.com/v1/databases/1743a17e5d7f801b8009d5b5788e8c00/query "HTTP/1.1 200 OK"
2025-01-08 11:01:28,491 - httpx - INFO - HTTP Request: PATCH https://api.notion.com/v1/pages/1743a17e-5d7f-8107-9fb4-f6ee50f085f2 "HTTP/1.1 200 OK"
2025-01-08 11:01:28,492 - notion_sync - INFO - Updated record with responsible: 15
2025-01-08 11:01:28,492 - notion_sync - INFO - ✅ Successfully synced 3 records.
2025-01-08 11:01:28,492 - nontion_sync.tasks - INFO - ✅ Sync result for 1743a17e5d7f801b8009d5b5788e8c00: Sync completed. 3 records synced.
2025-01-08 12:33:38,798 - nontion_sync.tasks - INFO - Processing NotionDbConfig: Аналітика по сервісам
2025-01-08 12:33:39,649 - httpx - INFO - HTTP Request: POST https://api.notion.com/v1/databases/13e3a17e5d7f80da9a55e1a01feda7b3/query "HTTP/1.1 200 OK"
2025-01-08 12:33:39,653 - notion_sync - INFO - Fetched 6 records from Notion.
2025-01-08 12:33:39,662 - notion_sync - INFO - ✅ Updated record: 1753a17e-5d7f-80ba-9d02-c4753877c496
2025-01-08 12:33:39,666 - notion_sync - INFO - ✅ Updated record: 1743a17e-5d7f-80b3-88c5-f74429d51974
2025-01-08 12:33:39,670 - notion_sync - INFO - ✅ Updated record: 1723a17e-5d7f-803a-894e-d9abffea0707
2025-01-08 12:33:39,674 - notion_sync - INFO - ✅ Updated record: 1723a17e-5d7f-80da-a724-fb6e50a0c611
2025-01-08 12:33:39,677 - notion_sync - INFO - ✅ Updated record: 1723a17e-5d7f-8035-b292-d8205deb68a5
2025-01-08 12:33:39,679 - notion_sync - INFO - ✅ Updated record: 1723a17e-5d7f-801d-a4e9-fed3001dadd1
2025-01-08 12:33:39,679 - notion_sync - INFO - Sync completed. 6/6 records synced.
2025-01-08 12:33:39,679 - nontion_sync.tasks - INFO - ✅ Sync result for 13e3a17e5d7f80da9a55e1a01feda7b3: Sync completed. 6/6 records synced.
2025-01-08 12:33:39,680 - nontion_sync.tasks - INFO - Processing NotionDbConfig: Аналітика по сервісам
2025-01-08 12:33:40,347 - httpx - INFO - HTTP Request: POST https://api.notion.com/v1/databases/1733a17e5d7f8009bbf6d7c68b1cacf1/query "HTTP/1.1 200 OK"
2025-01-08 12:33:40,669 - httpx - INFO - HTTP Request: POST https://api.notion.com/v1/databases/1733a17e5d7f8009bbf6d7c68b1cacf1/query "HTTP/1.1 200 OK"
2025-01-08 12:33:41,760 - httpx - INFO - HTTP Request: PATCH https://api.notion.com/v1/pages/1743a17e-5d7f-813f-a6c3-ea5e5f63e9fe "HTTP/1.1 200 OK"
2025-01-08 12:33:41,762 - notion_sync - INFO - Updated record with service_id: 116
2025-01-08 12:33:42,086 - httpx - INFO - HTTP Request: POST https://api.notion.com/v1/databases/1733a17e5d7f8009bbf6d7c68b1cacf1/query "HTTP/1.1 200 OK"
2025-01-08 12:33:43,527 - httpx - INFO - HTTP Request: PATCH https://api.notion.com/v1/pages/1743a17e-5d7f-8175-a1ef-e145ddfae7ea "HTTP/1.1 200 OK"
2025-01-08 12:33:43,529 - notion_sync - INFO - Updated record with service_id: 122
2025-01-08 12:33:45,160 - httpx - INFO - HTTP Request: POST https://api.notion.com/v1/databases/1733a17e5d7f8009bbf6d7c68b1cacf1/query "HTTP/1.1 200 OK"
2025-01-08 12:33:45,911 - httpx - INFO - HTTP Request: PATCH https://api.notion.com/v1/pages/1743a17e-5d7f-81a5-b00c-e642d8aa8dae "HTTP/1.1 200 OK"
2025-01-08 12:33:45,911 - notion_sync - INFO - Updated record with service_id: 143
2025-01-08 12:33:46,349 - httpx - INFO - HTTP Request: POST https://api.notion.com/v1/databases/1733a17e5d7f8009bbf6d7c68b1cacf1/query "HTTP/1.1 200 OK"
2025-01-08 12:33:47,513 - httpx - INFO - HTTP Request: PATCH https://api.notion.com/v1/pages/1753a17e-5d7f-8195-93ba-d98d15377ce6 "HTTP/1.1 200 OK"
2025-01-08 12:33:47,526 - notion_sync - INFO - Updated record with service_id: 145
2025-01-08 12:33:47,526 - notion_sync - INFO - ✅ Successfully synced 4 records.
2025-01-08 12:33:47,527 - nontion_sync.tasks - INFO - ✅ Sync result for 1733a17e5d7f8009bbf6d7c68b1cacf1: Sync completed. 4 records synced.
2025-01-08 12:33:47,530 - nontion_sync.tasks - INFO - Processing NotionDbConfig: Аналітика по людям
2025-01-08 12:33:48,696 - httpx - INFO - HTTP Request: POST https://api.notion.com/v1/databases/1743a17e5d7f80daa1e2c6c5c7cc979c/query "HTTP/1.1 200 OK"
2025-01-08 12:33:49,261 - httpx - INFO - HTTP Request: PATCH https://api.notion.com/v1/pages/1743a17e-5d7f-819a-b15a-c2abc5fcfe2d "HTTP/1.1 200 OK"
2025-01-08 12:33:49,263 - notion_sync - INFO - Updated record with responsible: Insomnia
2025-01-08 12:33:50,729 - httpx - INFO - HTTP Request: POST https://api.notion.com/v1/databases/1743a17e5d7f80daa1e2c6c5c7cc979c/query "HTTP/1.1 200 OK"
2025-01-08 12:33:51,836 - httpx - INFO - HTTP Request: PATCH https://api.notion.com/v1/pages/1743a17e-5d7f-81d5-9336-d572a6cf1112 "HTTP/1.1 200 OK"
2025-01-08 12:33:51,837 - notion_sync - INFO - Updated record with responsible: Mirage
2025-01-08 12:33:52,239 - httpx - INFO - HTTP Request: POST https://api.notion.com/v1/databases/1743a17e5d7f80daa1e2c6c5c7cc979c/query "HTTP/1.1 200 OK"
2025-01-08 12:33:54,076 - httpx - INFO - HTTP Request: PATCH https://api.notion.com/v1/pages/1743a17e-5d7f-811c-9129-c6abd0ecc4c7 "HTTP/1.1 200 OK"
2025-01-08 12:33:54,077 - notion_sync - INFO - Updated record with responsible: Voice
2025-01-08 12:33:54,077 - notion_sync - INFO - ✅ Successfully synced 3 records.
2025-01-08 12:33:54,077 - nontion_sync.tasks - INFO - ✅ Sync result for 1743a17e5d7f80daa1e2c6c5c7cc979c: Sync completed. 3 records synced.
2025-01-08 12:33:54,080 - nontion_sync.tasks - INFO - Processing NotionDbConfig: Аналітика по бізнесюнітам
2025-01-08 12:33:54,736 - httpx - INFO - HTTP Request: POST https://api.notion.com/v1/databases/1743a17e5d7f801b8009d5b5788e8c00/query "HTTP/1.1 200 OK"
2025-01-08 12:33:55,848 - httpx - INFO - HTTP Request: PATCH https://api.notion.com/v1/pages/1743a17e-5d7f-8184-b200-c7c1a3eeea59 "HTTP/1.1 200 OK"
2025-01-08 12:33:55,850 - notion_sync - INFO - Updated record with responsible: 1
2025-01-08 12:33:56,201 - httpx - INFO - HTTP Request: POST https://api.notion.com/v1/databases/1743a17e5d7f801b8009d5b5788e8c00/query "HTTP/1.1 200 OK"
2025-01-08 12:33:57,479 - httpx - INFO - HTTP Request: PATCH https://api.notion.com/v1/pages/1743a17e-5d7f-8124-970d-e308d74fe818 "HTTP/1.1 200 OK"
2025-01-08 12:33:57,480 - notion_sync - INFO - Updated record with responsible: 6
2025-01-08 12:33:57,856 - httpx - INFO - HTTP Request: POST https://api.notion.com/v1/databases/1743a17e5d7f801b8009d5b5788e8c00/query "HTTP/1.1 200 OK"
2025-01-08 12:33:58,377 - httpx - INFO - HTTP Request: PATCH https://api.notion.com/v1/pages/1743a17e-5d7f-8107-9fb4-f6ee50f085f2 "HTTP/1.1 200 OK"
2025-01-08 12:33:58,378 - notion_sync - INFO - Updated record with responsible: 15
2025-01-08 12:33:58,378 - notion_sync - INFO - ✅ Successfully synced 3 records.
2025-01-08 12:33:58,378 - nontion_sync.tasks - INFO - ✅ Sync result for 1743a17e5d7f801b8009d5b5788e8c00: Sync completed. 3 records synced.
2025-01-08 12:34:42,853 - nontion_sync.tasks - INFO - Processing NotionDbConfig: Аналітика по сервісам
2025-01-08 12:34:43,712 - httpx - INFO - HTTP Request: POST https://api.notion.com/v1/databases/13e3a17e5d7f80da9a55e1a01feda7b3/query "HTTP/1.1 200 OK"
2025-01-08 12:34:43,721 - notion_sync - INFO - Fetched 5 records from Notion.
2025-01-08 12:34:43,725 - notion_sync - INFO - Deleted 1 records removed from Notion.
2025-01-08 12:34:43,728 - notion_sync - INFO - ✅ Updated record: 1743a17e-5d7f-80b3-88c5-f74429d51974
2025-01-08 12:34:43,729 - notion_sync - INFO - ✅ Updated record: 1723a17e-5d7f-803a-894e-d9abffea0707
2025-01-08 12:34:43,730 - notion_sync - INFO - ✅ Updated record: 1723a17e-5d7f-80da-a724-fb6e50a0c611
2025-01-08 12:34:43,731 - notion_sync - INFO - ✅ Updated record: 1723a17e-5d7f-8035-b292-d8205deb68a5
2025-01-08 12:34:43,732 - notion_sync - INFO - ✅ Updated record: 1723a17e-5d7f-801d-a4e9-fed3001dadd1
2025-01-08 12:34:43,732 - notion_sync - INFO - Sync completed. 5/5 records synced.
2025-01-08 12:34:43,732 - nontion_sync.tasks - INFO - ✅ Sync result for 13e3a17e5d7f80da9a55e1a01feda7b3: Sync completed. 5/5 records synced.
2025-01-08 12:34:43,733 - nontion_sync.tasks - INFO - Processing NotionDbConfig: Аналітика по сервісам
2025-01-08 12:34:44,363 - httpx - INFO - HTTP Request: POST https://api.notion.com/v1/databases/1733a17e5d7f8009bbf6d7c68b1cacf1/query "HTTP/1.1 200 OK"
2025-01-08 12:34:44,700 - httpx - INFO - HTTP Request: POST https://api.notion.com/v1/databases/1733a17e5d7f8009bbf6d7c68b1cacf1/query "HTTP/1.1 200 OK"
2025-01-08 12:34:49,547 - httpx - INFO - HTTP Request: PATCH https://api.notion.com/v1/pages/1743a17e-5d7f-813f-a6c3-ea5e5f63e9fe "HTTP/1.1 200 OK"
2025-01-08 12:34:49,549 - notion_sync - INFO - Updated record with service_id: 116
2025-01-08 12:34:50,435 - httpx - INFO - HTTP Request: POST https://api.notion.com/v1/databases/1733a17e5d7f8009bbf6d7c68b1cacf1/query "HTTP/1.1 200 OK"
2025-01-08 12:34:51,350 - httpx - INFO - HTTP Request: PATCH https://api.notion.com/v1/pages/1743a17e-5d7f-8175-a1ef-e145ddfae7ea "HTTP/1.1 200 OK"
2025-01-08 12:34:51,351 - notion_sync - INFO - Updated record with service_id: 122
2025-01-08 12:34:51,695 - httpx - INFO - HTTP Request: POST https://api.notion.com/v1/databases/1733a17e5d7f8009bbf6d7c68b1cacf1/query "HTTP/1.1 200 OK"
2025-01-08 12:34:52,307 - httpx - INFO - HTTP Request: PATCH https://api.notion.com/v1/pages/1743a17e-5d7f-81a5-b00c-e642d8aa8dae "HTTP/1.1 200 OK"
2025-01-08 12:34:52,308 - notion_sync - INFO - Updated record with service_id: 143
2025-01-08 12:34:52,618 - httpx - INFO - HTTP Request: POST https://api.notion.com/v1/databases/1733a17e5d7f8009bbf6d7c68b1cacf1/query "HTTP/1.1 200 OK"
2025-01-08 12:34:52,619 - notion_sync - ERROR - Attempt 1 failed: 'PagesEndpoint' object has no attribute 'delete'. Retrying in 5 seconds...
2025-01-08 12:34:58,132 - httpx - INFO - HTTP Request: POST https://api.notion.com/v1/databases/1733a17e5d7f8009bbf6d7c68b1cacf1/query "HTTP/1.1 200 OK"
2025-01-08 12:34:58,496 - httpx - INFO - HTTP Request: POST https://api.notion.com/v1/databases/1733a17e5d7f8009bbf6d7c68b1cacf1/query "HTTP/1.1 200 OK"
2025-01-08 12:34:58,965 - httpx - INFO - HTTP Request: PATCH https://api.notion.com/v1/pages/1743a17e-5d7f-813f-a6c3-ea5e5f63e9fe "HTTP/1.1 200 OK"
2025-01-08 12:34:58,966 - notion_sync - INFO - Updated record with service_id: 116
2025-01-08 12:34:59,601 - httpx - INFO - HTTP Request: POST https://api.notion.com/v1/databases/1733a17e5d7f8009bbf6d7c68b1cacf1/query "HTTP/1.1 200 OK"
2025-01-08 12:35:00,247 - httpx - INFO - HTTP Request: PATCH https://api.notion.com/v1/pages/1743a17e-5d7f-8175-a1ef-e145ddfae7ea "HTTP/1.1 200 OK"
2025-01-08 12:35:00,247 - notion_sync - INFO - Updated record with service_id: 122
2025-01-08 12:35:00,662 - httpx - INFO - HTTP Request: POST https://api.notion.com/v1/databases/1733a17e5d7f8009bbf6d7c68b1cacf1/query "HTTP/1.1 200 OK"
2025-01-08 12:35:01,575 - httpx - INFO - HTTP Request: PATCH https://api.notion.com/v1/pages/1743a17e-5d7f-81a5-b00c-e642d8aa8dae "HTTP/1.1 200 OK"
2025-01-08 12:35:01,589 - notion_sync - INFO - Updated record with service_id: 143
2025-01-08 12:35:02,054 - httpx - INFO - HTTP Request: POST https://api.notion.com/v1/databases/1733a17e5d7f8009bbf6d7c68b1cacf1/query "HTTP/1.1 200 OK"
2025-01-08 12:35:02,055 - notion_sync - ERROR - Attempt 2 failed: 'PagesEndpoint' object has no attribute 'delete'. Retrying in 10 seconds...
2025-01-08 12:35:12,491 - httpx - INFO - HTTP Request: POST https://api.notion.com/v1/databases/1733a17e5d7f8009bbf6d7c68b1cacf1/query "HTTP/1.1 200 OK"
2025-01-08 12:35:13,017 - httpx - INFO - HTTP Request: POST https://api.notion.com/v1/databases/1733a17e5d7f8009bbf6d7c68b1cacf1/query "HTTP/1.1 200 OK"
2025-01-08 12:35:13,678 - httpx - INFO - HTTP Request: PATCH https://api.notion.com/v1/pages/1743a17e-5d7f-813f-a6c3-ea5e5f63e9fe "HTTP/1.1 200 OK"
2025-01-08 12:35:13,678 - notion_sync - INFO - Updated record with service_id: 116
2025-01-08 12:35:14,269 - httpx - INFO - HTTP Request: POST https://api.notion.com/v1/databases/1733a17e5d7f8009bbf6d7c68b1cacf1/query "HTTP/1.1 200 OK"
2025-01-08 12:35:14,862 - httpx - INFO - HTTP Request: PATCH https://api.notion.com/v1/pages/1743a17e-5d7f-8175-a1ef-e145ddfae7ea "HTTP/1.1 200 OK"
2025-01-08 12:35:14,864 - notion_sync - INFO - Updated record with service_id: 122
2025-01-08 12:35:15,599 - httpx - INFO - HTTP Request: POST https://api.notion.com/v1/databases/1733a17e5d7f8009bbf6d7c68b1cacf1/query "HTTP/1.1 200 OK"
2025-01-08 12:35:18,402 - httpx - INFO - HTTP Request: PATCH https://api.notion.com/v1/pages/1743a17e-5d7f-81a5-b00c-e642d8aa8dae "HTTP/1.1 200 OK"
2025-01-08 12:35:18,403 - notion_sync - INFO - Updated record with service_id: 143
2025-01-08 12:35:19,987 - httpx - INFO - HTTP Request: POST https://api.notion.com/v1/databases/1733a17e5d7f8009bbf6d7c68b1cacf1/query "HTTP/1.1 200 OK"
2025-01-08 12:35:19,988 - notion_sync - ERROR - Attempt 3 failed: 'PagesEndpoint' object has no attribute 'delete'. Retrying in 20 seconds...
2025-01-08 12:35:39,988 - nontion_sync.tasks - INFO - ✅ Sync result for 1733a17e5d7f8009bbf6d7c68b1cacf1: Sync completed. 9 records synced.
2025-01-08 12:35:39,992 - nontion_sync.tasks - INFO - Processing NotionDbConfig: Аналітика по людям
2025-01-08 12:35:40,962 - httpx - INFO - HTTP Request: POST https://api.notion.com/v1/databases/1743a17e5d7f80daa1e2c6c5c7cc979c/query "HTTP/1.1 200 OK"
2025-01-08 12:35:41,822 - httpx - INFO - HTTP Request: PATCH https://api.notion.com/v1/pages/1743a17e-5d7f-819a-b15a-c2abc5fcfe2d "HTTP/1.1 200 OK"
2025-01-08 12:35:41,824 - notion_sync - INFO - Updated record with responsible: Insomnia
2025-01-08 12:35:42,257 - httpx - INFO - HTTP Request: POST https://api.notion.com/v1/databases/1743a17e5d7f80daa1e2c6c5c7cc979c/query "HTTP/1.1 200 OK"
2025-01-08 12:35:43,267 - httpx - INFO - HTTP Request: PATCH https://api.notion.com/v1/pages/1743a17e-5d7f-81d5-9336-d572a6cf1112 "HTTP/1.1 200 OK"
2025-01-08 12:35:43,267 - notion_sync - INFO - Updated record with responsible: Mirage
2025-01-08 12:35:43,821 - httpx - INFO - HTTP Request: POST https://api.notion.com/v1/databases/1743a17e5d7f80daa1e2c6c5c7cc979c/query "HTTP/1.1 200 OK"
2025-01-08 12:35:44,422 - httpx - INFO - HTTP Request: PATCH https://api.notion.com/v1/pages/1743a17e-5d7f-811c-9129-c6abd0ecc4c7 "HTTP/1.1 200 OK"
2025-01-08 12:35:44,423 - notion_sync - INFO - Updated record with responsible: Voice
2025-01-08 12:35:44,423 - notion_sync - INFO - ✅ Successfully synced 3 records.
2025-01-08 12:35:44,423 - nontion_sync.tasks - INFO - ✅ Sync result for 1743a17e5d7f80daa1e2c6c5c7cc979c: Sync completed. 3 records synced.
2025-01-08 12:35:44,426 - nontion_sync.tasks - INFO - Processing NotionDbConfig: Аналітика по бізнесюнітам
2025-01-08 12:35:45,315 - httpx - INFO - HTTP Request: POST https://api.notion.com/v1/databases/1743a17e5d7f801b8009d5b5788e8c00/query "HTTP/1.1 200 OK"
2025-01-08 12:35:47,418 - httpx - INFO - HTTP Request: PATCH https://api.notion.com/v1/pages/1743a17e-5d7f-8184-b200-c7c1a3eeea59 "HTTP/1.1 200 OK"
2025-01-08 12:35:47,434 - notion_sync - INFO - Updated record with responsible: 1
2025-01-08 12:35:47,803 - httpx - INFO - HTTP Request: POST https://api.notion.com/v1/databases/1743a17e5d7f801b8009d5b5788e8c00/query "HTTP/1.1 200 OK"
2025-01-08 12:35:48,288 - httpx - INFO - HTTP Request: PATCH https://api.notion.com/v1/pages/1743a17e-5d7f-8124-970d-e308d74fe818 "HTTP/1.1 200 OK"
2025-01-08 12:35:48,289 - notion_sync - INFO - Updated record with responsible: 6
2025-01-08 12:35:48,722 - httpx - INFO - HTTP Request: POST https://api.notion.com/v1/databases/1743a17e5d7f801b8009d5b5788e8c00/query "HTTP/1.1 200 OK"
2025-01-08 12:35:49,436 - httpx - INFO - HTTP Request: PATCH https://api.notion.com/v1/pages/1743a17e-5d7f-8107-9fb4-f6ee50f085f2 "HTTP/1.1 200 OK"
2025-01-08 12:35:49,437 - notion_sync - INFO - Updated record with responsible: 15
2025-01-08 12:35:49,437 - notion_sync - INFO - ✅ Successfully synced 3 records.
2025-01-08 12:35:49,437 - nontion_sync.tasks - INFO - ✅ Sync result for 1743a17e5d7f801b8009d5b5788e8c00: Sync completed. 3 records synced.
2025-01-08 12:38:54,975 - nontion_sync.tasks - INFO - Processing NotionDbConfig: Аналітика по сервісам
2025-01-08 12:38:55,632 - httpx - INFO - HTTP Request: POST https://api.notion.com/v1/databases/13e3a17e5d7f80da9a55e1a01feda7b3/query "HTTP/1.1 200 OK"
2025-01-08 12:38:55,635 - notion_sync - INFO - Fetched 5 records from Notion.
2025-01-08 12:38:55,637 - notion_sync - INFO - ✅ Updated record: 1743a17e-5d7f-80b3-88c5-f74429d51974
2025-01-08 12:38:55,639 - notion_sync - INFO - ✅ Updated record: 1723a17e-5d7f-803a-894e-d9abffea0707
2025-01-08 12:38:55,639 - notion_sync - INFO - ✅ Updated record: 1723a17e-5d7f-80da-a724-fb6e50a0c611
2025-01-08 12:38:55,640 - notion_sync - INFO - ✅ Updated record: 1723a17e-5d7f-8035-b292-d8205deb68a5
2025-01-08 12:38:55,641 - notion_sync - INFO - ✅ Updated record: 1723a17e-5d7f-801d-a4e9-fed3001dadd1
2025-01-08 12:38:55,641 - notion_sync - INFO - Sync completed. 5/5 records synced.
2025-01-08 12:38:55,641 - nontion_sync.tasks - INFO - ✅ Sync result for 13e3a17e5d7f80da9a55e1a01feda7b3: Sync completed. 5/5 records synced.
2025-01-08 12:38:55,651 - nontion_sync.tasks - INFO - Processing NotionDbConfig: Аналітика по сервісам
2025-01-08 12:38:56,986 - httpx - INFO - HTTP Request: POST https://api.notion.com/v1/databases/1733a17e5d7f8009bbf6d7c68b1cacf1/query "HTTP/1.1 200 OK"
2025-01-08 12:38:57,331 - httpx - INFO - HTTP Request: POST https://api.notion.com/v1/databases/1733a17e5d7f8009bbf6d7c68b1cacf1/query "HTTP/1.1 200 OK"
2025-01-08 12:38:58,903 - httpx - INFO - HTTP Request: PATCH https://api.notion.com/v1/pages/1743a17e-5d7f-813f-a6c3-ea5e5f63e9fe "HTTP/1.1 200 OK"
2025-01-08 12:38:58,904 - notion_sync - INFO - Updated record with service_id: 116
2025-01-08 12:39:00,263 - httpx - INFO - HTTP Request: POST https://api.notion.com/v1/databases/1733a17e5d7f8009bbf6d7c68b1cacf1/query "HTTP/1.1 200 OK"
2025-01-08 12:39:01,233 - httpx - INFO - HTTP Request: PATCH https://api.notion.com/v1/pages/1743a17e-5d7f-8175-a1ef-e145ddfae7ea "HTTP/1.1 200 OK"
2025-01-08 12:39:01,234 - notion_sync - INFO - Updated record with service_id: 122
2025-01-08 12:39:01,610 - httpx - INFO - HTTP Request: POST https://api.notion.com/v1/databases/1733a17e5d7f8009bbf6d7c68b1cacf1/query "HTTP/1.1 200 OK"
2025-01-08 12:39:04,213 - httpx - INFO - HTTP Request: PATCH https://api.notion.com/v1/pages/1743a17e-5d7f-81a5-b00c-e642d8aa8dae "HTTP/1.1 200 OK"
2025-01-08 12:39:04,215 - notion_sync - INFO - Updated record with service_id: 143
2025-01-08 12:39:04,535 - httpx - INFO - HTTP Request: POST https://api.notion.com/v1/databases/1733a17e5d7f8009bbf6d7c68b1cacf1/query "HTTP/1.1 200 OK"
2025-01-08 12:39:04,537 - notion_sync - ERROR - Attempt 1 failed: 'PagesEndpoint' object has no attribute 'delete'. Retrying in 5 seconds...
2025-01-08 12:39:10,066 - httpx - INFO - HTTP Request: POST https://api.notion.com/v1/databases/1733a17e5d7f8009bbf6d7c68b1cacf1/query "HTTP/1.1 200 OK"
2025-01-08 12:39:10,407 - httpx - INFO - HTTP Request: POST https://api.notion.com/v1/databases/1733a17e5d7f8009bbf6d7c68b1cacf1/query "HTTP/1.1 200 OK"
2025-01-08 12:39:12,417 - httpx - INFO - HTTP Request: PATCH https://api.notion.com/v1/pages/1743a17e-5d7f-813f-a6c3-ea5e5f63e9fe "HTTP/1.1 200 OK"
2025-01-08 12:39:12,419 - notion_sync - INFO - Updated record with service_id: 116
2025-01-08 12:39:12,761 - httpx - INFO - HTTP Request: POST https://api.notion.com/v1/databases/1733a17e5d7f8009bbf6d7c68b1cacf1/query "HTTP/1.1 200 OK"
2025-01-08 12:39:14,170 - httpx - INFO - HTTP Request: PATCH https://api.notion.com/v1/pages/1743a17e-5d7f-8175-a1ef-e145ddfae7ea "HTTP/1.1 200 OK"
2025-01-08 12:39:14,172 - notion_sync - INFO - Updated record with service_id: 122
2025-01-08 12:39:14,510 - httpx - INFO - HTTP Request: POST https://api.notion.com/v1/databases/1733a17e5d7f8009bbf6d7c68b1cacf1/query "HTTP/1.1 200 OK"
2025-01-08 12:39:15,352 - httpx - INFO - HTTP Request: PATCH https://api.notion.com/v1/pages/1743a17e-5d7f-81a5-b00c-e642d8aa8dae "HTTP/1.1 200 OK"
2025-01-08 12:39:15,352 - notion_sync - INFO - Updated record with service_id: 143
2025-01-08 12:39:15,679 - httpx - INFO - HTTP Request: POST https://api.notion.com/v1/databases/1733a17e5d7f8009bbf6d7c68b1cacf1/query "HTTP/1.1 200 OK"
2025-01-08 12:39:15,680 - notion_sync - ERROR - Attempt 2 failed: 'PagesEndpoint' object has no attribute 'delete'. Retrying in 10 seconds...
2025-01-08 12:39:26,092 - httpx - INFO - HTTP Request: POST https://api.notion.com/v1/databases/1733a17e5d7f8009bbf6d7c68b1cacf1/query "HTTP/1.1 200 OK"
2025-01-08 12:39:26,487 - httpx - INFO - HTTP Request: POST https://api.notion.com/v1/databases/1733a17e5d7f8009bbf6d7c68b1cacf1/query "HTTP/1.1 200 OK"
2025-01-08 12:39:27,309 - httpx - INFO - HTTP Request: PATCH https://api.notion.com/v1/pages/1743a17e-5d7f-813f-a6c3-ea5e5f63e9fe "HTTP/1.1 200 OK"
2025-01-08 12:39:27,310 - notion_sync - INFO - Updated record with service_id: 116
2025-01-08 12:39:27,648 - httpx - INFO - HTTP Request: POST https://api.notion.com/v1/databases/1733a17e5d7f8009bbf6d7c68b1cacf1/query "HTTP/1.1 200 OK"
2025-01-08 12:39:28,309 - httpx - INFO - HTTP Request: PATCH https://api.notion.com/v1/pages/1743a17e-5d7f-8175-a1ef-e145ddfae7ea "HTTP/1.1 200 OK"
2025-01-08 12:39:28,310 - notion_sync - INFO - Updated record with service_id: 122
2025-01-08 12:39:29,449 - httpx - INFO - HTTP Request: POST https://api.notion.com/v1/databases/1733a17e5d7f8009bbf6d7c68b1cacf1/query "HTTP/1.1 200 OK"
2025-01-08 12:39:30,488 - httpx - INFO - HTTP Request: PATCH https://api.notion.com/v1/pages/1743a17e-5d7f-81a5-b00c-e642d8aa8dae "HTTP/1.1 200 OK"
2025-01-08 12:39:30,491 - notion_sync - INFO - Updated record with service_id: 143
2025-01-08 12:39:31,173 - httpx - INFO - HTTP Request: POST https://api.notion.com/v1/databases/1733a17e5d7f8009bbf6d7c68b1cacf1/query "HTTP/1.1 200 OK"
2025-01-08 12:39:31,174 - notion_sync - ERROR - Attempt 3 failed: 'PagesEndpoint' object has no attribute 'delete'. Retrying in 20 seconds...
2025-01-08 12:39:51,175 - nontion_sync.tasks - INFO - ✅ Sync result for 1733a17e5d7f8009bbf6d7c68b1cacf1: Sync completed. 9 records synced.
2025-01-08 12:39:51,180 - nontion_sync.tasks - INFO - Processing NotionDbConfig: Аналітика по людям
2025-01-08 12:39:51,940 - httpx - INFO - HTTP Request: POST https://api.notion.com/v1/databases/1743a17e5d7f80daa1e2c6c5c7cc979c/query "HTTP/1.1 200 OK"
2025-01-08 12:39:52,416 - httpx - INFO - HTTP Request: PATCH https://api.notion.com/v1/pages/1743a17e-5d7f-819a-b15a-c2abc5fcfe2d "HTTP/1.1 200 OK"
2025-01-08 12:39:52,417 - notion_sync - INFO - Updated record with responsible: Insomnia
2025-01-08 12:39:52,750 - httpx - INFO - HTTP Request: POST https://api.notion.com/v1/databases/1743a17e5d7f80daa1e2c6c5c7cc979c/query "HTTP/1.1 200 OK"
2025-01-08 12:39:53,804 - httpx - INFO - HTTP Request: PATCH https://api.notion.com/v1/pages/1743a17e-5d7f-81d5-9336-d572a6cf1112 "HTTP/1.1 200 OK"
2025-01-08 12:39:53,806 - notion_sync - INFO - Updated record with responsible: Mirage
2025-01-08 12:39:54,292 - httpx - INFO - HTTP Request: POST https://api.notion.com/v1/databases/1743a17e5d7f80daa1e2c6c5c7cc979c/query "HTTP/1.1 200 OK"
2025-01-08 12:39:54,739 - httpx - INFO - HTTP Request: PATCH https://api.notion.com/v1/pages/1743a17e-5d7f-811c-9129-c6abd0ecc4c7 "HTTP/1.1 200 OK"
2025-01-08 12:39:54,740 - notion_sync - INFO - Updated record with responsible: Voice
2025-01-08 12:39:54,741 - notion_sync - INFO - ✅ Successfully synced 3 records.
2025-01-08 12:39:54,741 - nontion_sync.tasks - INFO - ✅ Sync result for 1743a17e5d7f80daa1e2c6c5c7cc979c: Sync completed. 3 records synced.
2025-01-08 12:39:54,743 - nontion_sync.tasks - INFO - Processing NotionDbConfig: Аналітика по бізнесюнітам
2025-01-08 12:39:55,609 - httpx - INFO - HTTP Request: POST https://api.notion.com/v1/databases/1743a17e5d7f801b8009d5b5788e8c00/query "HTTP/1.1 200 OK"
2025-01-08 12:39:56,229 - httpx - INFO - HTTP Request: PATCH https://api.notion.com/v1/pages/1743a17e-5d7f-8184-b200-c7c1a3eeea59 "HTTP/1.1 200 OK"
2025-01-08 12:39:56,231 - notion_sync - INFO - Updated record with responsible: 1
2025-01-08 12:39:56,566 - httpx - INFO - HTTP Request: POST https://api.notion.com/v1/databases/1743a17e5d7f801b8009d5b5788e8c00/query "HTTP/1.1 200 OK"
2025-01-08 12:39:57,254 - httpx - INFO - HTTP Request: PATCH https://api.notion.com/v1/pages/1743a17e-5d7f-8124-970d-e308d74fe818 "HTTP/1.1 200 OK"
2025-01-08 12:39:57,255 - notion_sync - INFO - Updated record with responsible: 6
2025-01-08 12:39:58,175 - httpx - INFO - HTTP Request: POST https://api.notion.com/v1/databases/1743a17e5d7f801b8009d5b5788e8c00/query "HTTP/1.1 200 OK"
2025-01-08 12:39:58,706 - httpx - INFO - HTTP Request: PATCH https://api.notion.com/v1/pages/1743a17e-5d7f-8107-9fb4-f6ee50f085f2 "HTTP/1.1 200 OK"
2025-01-08 12:39:58,708 - notion_sync - INFO - Updated record with responsible: 15
2025-01-08 12:39:58,708 - notion_sync - INFO - ✅ Successfully synced 3 records.
2025-01-08 12:39:58,708 - nontion_sync.tasks - INFO - ✅ Sync result for 1743a17e5d7f801b8009d5b5788e8c00: Sync completed. 3 records synced.
2025-01-08 12:43:42,668 - nontion_sync.tasks - INFO - Processing NotionDbConfig: Аналітика по сервісам
2025-01-08 12:43:43,421 - httpx - INFO - HTTP Request: POST https://api.notion.com/v1/databases/13e3a17e5d7f80da9a55e1a01feda7b3/query "HTTP/1.1 200 OK"
2025-01-08 12:43:43,425 - notion_sync - INFO - Fetched 5 records from Notion.
2025-01-08 12:43:43,427 - notion_sync - INFO - ✅ Updated record: 1743a17e-5d7f-80b3-88c5-f74429d51974
2025-01-08 12:43:43,428 - notion_sync - INFO - ✅ Updated record: 1723a17e-5d7f-803a-894e-d9abffea0707
2025-01-08 12:43:43,428 - notion_sync - INFO - ✅ Updated record: 1723a17e-5d7f-80da-a724-fb6e50a0c611
2025-01-08 12:43:43,429 - notion_sync - INFO - ✅ Updated record: 1723a17e-5d7f-8035-b292-d8205deb68a5
2025-01-08 12:43:43,430 - notion_sync - INFO - ✅ Updated record: 1723a17e-5d7f-801d-a4e9-fed3001dadd1
2025-01-08 12:43:43,430 - notion_sync - INFO - Sync completed. 5/5 records synced.
2025-01-08 12:43:43,430 - nontion_sync.tasks - INFO - ✅ Sync result for 13e3a17e5d7f80da9a55e1a01feda7b3: Sync completed. 5/5 records synced.
2025-01-08 12:43:43,431 - nontion_sync.tasks - INFO - Processing NotionDbConfig: Аналітика по сервісам
2025-01-08 12:43:44,053 - httpx - INFO - HTTP Request: POST https://api.notion.com/v1/databases/1733a17e5d7f8009bbf6d7c68b1cacf1/query "HTTP/1.1 200 OK"
2025-01-08 12:43:44,686 - httpx - INFO - HTTP Request: POST https://api.notion.com/v1/databases/1733a17e5d7f8009bbf6d7c68b1cacf1/query "HTTP/1.1 200 OK"
2025-01-08 12:43:45,319 - httpx - INFO - HTTP Request: PATCH https://api.notion.com/v1/pages/1743a17e-5d7f-813f-a6c3-ea5e5f63e9fe "HTTP/1.1 200 OK"
2025-01-08 12:43:45,320 - notion_sync - INFO - Updated record with service_id: 116
2025-01-08 12:43:45,689 - httpx - INFO - HTTP Request: POST https://api.notion.com/v1/databases/1733a17e5d7f8009bbf6d7c68b1cacf1/query "HTTP/1.1 200 OK"
2025-01-08 12:43:46,775 - httpx - INFO - HTTP Request: PATCH https://api.notion.com/v1/pages/1743a17e-5d7f-8175-a1ef-e145ddfae7ea "HTTP/1.1 200 OK"
2025-01-08 12:43:46,778 - notion_sync - INFO - Updated record with service_id: 122
2025-01-08 12:43:47,096 - httpx - INFO - HTTP Request: POST https://api.notion.com/v1/databases/1733a17e5d7f8009bbf6d7c68b1cacf1/query "HTTP/1.1 200 OK"
2025-01-08 12:43:47,866 - httpx - INFO - HTTP Request: PATCH https://api.notion.com/v1/pages/1743a17e-5d7f-81a5-b00c-e642d8aa8dae "HTTP/1.1 200 OK"
2025-01-08 12:43:47,866 - notion_sync - INFO - Updated record with service_id: 143
2025-01-08 12:43:48,402 - httpx - INFO - HTTP Request: POST https://api.notion.com/v1/databases/1733a17e5d7f8009bbf6d7c68b1cacf1/query "HTTP/1.1 200 OK"
2025-01-08 12:43:48,408 - notion_sync - INFO - API Response for query: {'object': 'list', 'results': [{'object': 'page', 'id': '1753a17e-5d7f-8195-93ba-d98d15377ce6', 'created_time': '2025-01-08T08:55:00.000Z', 'last_edited_time': '2025-01-08T10:33:00.000Z', 'created_by': {'object': 'user', 'id': '5ab889be-b929-4921-9510-e76bc20cb4ec'}, 'last_edited_by': {'object': 'user', 'id': '5ab889be-b929-4921-9510-e76bc20cb4ec'}, 'cover': None, 'icon': None, 'parent': {'type': 'database_id', 'database_id': '1733a17e-5d7f-8009-bbf6-d7c68b1cacf1'}, 'archived': False, 'in_trash': False, 'properties': {'8.25': {'id': '%3CHFO', 'type': 'number', 'number': 0}, '4.25': {'id': 'AjhK', 'type': 'number', 'number': 0}, '7.25': {'id': 'Gel%3D', 'type': 'number', 'number': 0}, 'Summ 2025': {'id': 'Iwom', 'type': 'formula', 'formula': {'type': 'number', 'number': 949.8}}, '9.25': {'id': 'K%3BBo', 'type': 'number', 'number': 0}, '5.25': {'id': 'M%5DY%3F', 'type': 'number', 'number': 0}, '11.25': {'id': 'S%60J_', 'type': 'number', 'number': 0}, '6.25': {'id': 'U%5D%5EH', 'type': 'number', 'number': 0}, 'ID Service': {'id': 'cAX%3B', 'type': 'rich_text', 'rich_text': [{'type': 'text', 'text': {'content': '145', 'link': None}, 'annotations': {'bold': False, 'italic': False, 'strikethrough': False, 'underline': False, 'code': False, 'color': 'default'}, 'plain_text': '145', 'href': None}]}, '10.25': {'id': 'm%3Fwk', 'type': 'number', 'number': 0}, '2.25': {'id': 'oanB', 'type': 'number', 'number': 0}, '3.25': {'id': 'vxnf', 'type': 'number', 'number': 0}, '12.25': {'id': 'y%3Bi%5B', 'type': 'number', 'number': 0}, '1.25': {'id': '%7Bg%3Fy', 'type': 'number', 'number': 949.8}, 'Service Name': {'id': 'title', 'type': 'title', 'title': [{'type': 'text', 'text': {'content': 'FC-497 Категорія А:\nз фін. аналітиком | Проведення зустрічі/надання консультації з фінансових питань/звітів/аналітики', 'link': None}, 'annotations': {'bold': False, 'italic': False, 'strikethrough': False, 'underline': False, 'code': False, 'color': 'default'}, 'plain_text': 'FC-497 Категорія А:\nз фін. аналітиком | Проведення зустрічі/надання консультації з фінансових питань/звітів/аналітики', 'href': None}]}}, 'url': 'https://www.notion.so/FC-497-1753a17e5d7f819593bad98d15377ce6', 'public_url': None}], 'next_cursor': None, 'has_more': False, 'type': 'page_or_database', 'page_or_database': {}, 'request_id': 'b4a68bb6-7c68-4598-8fd5-63694fb4c6b7'}
2025-01-08 12:43:48,409 - notion_sync - ERROR - Failed to delete page with service_id: 145. Error: 'PagesEndpoint' object has no attribute 'delete'
2025-01-08 12:43:48,409 - notion_sync - INFO - ✅ Successfully synced 3 records.
2025-01-08 12:43:48,409 - nontion_sync.tasks - INFO - ✅ Sync result for 1733a17e5d7f8009bbf6d7c68b1cacf1: Sync completed. 3 records synced.
2025-01-08 12:43:48,411 - nontion_sync.tasks - INFO - Processing NotionDbConfig: Аналітика по людям
2025-01-08 12:43:49,100 - httpx - INFO - HTTP Request: POST https://api.notion.com/v1/databases/1743a17e5d7f80daa1e2c6c5c7cc979c/query "HTTP/1.1 200 OK"
2025-01-08 12:43:49,532 - httpx - INFO - HTTP Request: PATCH https://api.notion.com/v1/pages/1743a17e-5d7f-819a-b15a-c2abc5fcfe2d "HTTP/1.1 200 OK"
2025-01-08 12:43:49,533 - notion_sync - INFO - Updated record with responsible: Insomnia
2025-01-08 12:43:49,978 - httpx - INFO - HTTP Request: POST https://api.notion.com/v1/databases/1743a17e5d7f80daa1e2c6c5c7cc979c/query "HTTP/1.1 200 OK"
2025-01-08 12:43:50,451 - httpx - INFO - HTTP Request: PATCH https://api.notion.com/v1/pages/1743a17e-5d7f-81d5-9336-d572a6cf1112 "HTTP/1.1 200 OK"
2025-01-08 12:43:50,452 - notion_sync - INFO - Updated record with responsible: Mirage
2025-01-08 12:43:50,764 - httpx - INFO - HTTP Request: POST https://api.notion.com/v1/databases/1743a17e5d7f80daa1e2c6c5c7cc979c/query "HTTP/1.1 200 OK"
2025-01-08 12:43:53,363 - httpx - INFO - HTTP Request: PATCH https://api.notion.com/v1/pages/1743a17e-5d7f-811c-9129-c6abd0ecc4c7 "HTTP/1.1 200 OK"
2025-01-08 12:43:53,364 - notion_sync - INFO - Updated record with responsible: Voice
2025-01-08 12:43:53,364 - notion_sync - INFO - ✅ Successfully synced 3 records.
2025-01-08 12:43:53,364 - nontion_sync.tasks - INFO - ✅ Sync result for 1743a17e5d7f80daa1e2c6c5c7cc979c: Sync completed. 3 records synced.
2025-01-08 12:43:53,365 - nontion_sync.tasks - INFO - Processing NotionDbConfig: Аналітика по бізнесюнітам
2025-01-08 12:43:54,065 - httpx - INFO - HTTP Request: POST https://api.notion.com/v1/databases/1743a17e5d7f801b8009d5b5788e8c00/query "HTTP/1.1 200 OK"
2025-01-08 12:43:55,116 - httpx - INFO - HTTP Request: PATCH https://api.notion.com/v1/pages/1743a17e-5d7f-8184-b200-c7c1a3eeea59 "HTTP/1.1 200 OK"
2025-01-08 12:43:55,116 - notion_sync - INFO - Updated record with responsible: 1
2025-01-08 12:43:55,491 - httpx - INFO - HTTP Request: POST https://api.notion.com/v1/databases/1743a17e5d7f801b8009d5b5788e8c00/query "HTTP/1.1 200 OK"
2025-01-08 12:43:56,689 - httpx - INFO - HTTP Request: PATCH https://api.notion.com/v1/pages/1743a17e-5d7f-8124-970d-e308d74fe818 "HTTP/1.1 200 OK"
2025-01-08 12:43:56,689 - notion_sync - INFO - Updated record with responsible: 6
2025-01-08 12:43:57,044 - httpx - INFO - HTTP Request: POST https://api.notion.com/v1/databases/1743a17e5d7f801b8009d5b5788e8c00/query "HTTP/1.1 200 OK"
2025-01-08 12:43:57,590 - httpx - INFO - HTTP Request: PATCH https://api.notion.com/v1/pages/1743a17e-5d7f-8107-9fb4-f6ee50f085f2 "HTTP/1.1 200 OK"
2025-01-08 12:43:57,591 - notion_sync - INFO - Updated record with responsible: 15
2025-01-08 12:43:57,591 - notion_sync - INFO - ✅ Successfully synced 3 records.
2025-01-08 12:43:57,591 - nontion_sync.tasks - INFO - ✅ Sync result for 1743a17e5d7f801b8009d5b5788e8c00: Sync completed. 3 records synced.
2025-01-08 12:48:09,536 - nontion_sync.tasks - INFO - Processing NotionDbConfig: Аналітика по сервісам
2025-01-08 12:48:10,863 - httpx - INFO - HTTP Request: POST https://api.notion.com/v1/databases/13e3a17e5d7f80da9a55e1a01feda7b3/query "HTTP/1.1 200 OK"
2025-01-08 12:48:10,866 - notion_sync - INFO - Fetched 5 records from Notion.
2025-01-08 12:48:10,869 - notion_sync - INFO - ✅ Updated record: 1743a17e-5d7f-80b3-88c5-f74429d51974
2025-01-08 12:48:10,870 - notion_sync - INFO - ✅ Updated record: 1723a17e-5d7f-803a-894e-d9abffea0707
2025-01-08 12:48:10,871 - notion_sync - INFO - ✅ Updated record: 1723a17e-5d7f-80da-a724-fb6e50a0c611
2025-01-08 12:48:10,872 - notion_sync - INFO - ✅ Updated record: 1723a17e-5d7f-8035-b292-d8205deb68a5
2025-01-08 12:48:10,872 - notion_sync - INFO - ✅ Updated record: 1723a17e-5d7f-801d-a4e9-fed3001dadd1
2025-01-08 12:48:10,872 - notion_sync - INFO - Sync completed. 5/5 records synced.
2025-01-08 12:48:10,872 - nontion_sync.tasks - INFO - ✅ Sync result for 13e3a17e5d7f80da9a55e1a01feda7b3: Sync completed. 5/5 records synced.
2025-01-08 12:48:10,874 - nontion_sync.tasks - INFO - Processing NotionDbConfig: Аналітика по сервісам
2025-01-08 12:48:11,632 - httpx - INFO - HTTP Request: POST https://api.notion.com/v1/databases/1733a17e5d7f8009bbf6d7c68b1cacf1/query "HTTP/1.1 200 OK"
2025-01-08 12:48:12,023 - httpx - INFO - HTTP Request: POST https://api.notion.com/v1/databases/1733a17e5d7f8009bbf6d7c68b1cacf1/query "HTTP/1.1 200 OK"
2025-01-08 12:48:12,526 - httpx - INFO - HTTP Request: PATCH https://api.notion.com/v1/pages/1743a17e-5d7f-813f-a6c3-ea5e5f63e9fe "HTTP/1.1 200 OK"
2025-01-08 12:48:12,527 - notion_sync - INFO - Updated record with service_id: 116
2025-01-08 12:48:12,995 - httpx - INFO - HTTP Request: POST https://api.notion.com/v1/databases/1733a17e5d7f8009bbf6d7c68b1cacf1/query "HTTP/1.1 200 OK"
2025-01-08 12:48:13,502 - httpx - INFO - HTTP Request: PATCH https://api.notion.com/v1/pages/1743a17e-5d7f-8175-a1ef-e145ddfae7ea "HTTP/1.1 200 OK"
2025-01-08 12:48:13,502 - notion_sync - INFO - Updated record with service_id: 122
2025-01-08 12:48:13,858 - httpx - INFO - HTTP Request: POST https://api.notion.com/v1/databases/1733a17e5d7f8009bbf6d7c68b1cacf1/query "HTTP/1.1 200 OK"
2025-01-08 12:48:14,316 - httpx - INFO - HTTP Request: PATCH https://api.notion.com/v1/pages/1743a17e-5d7f-81a5-b00c-e642d8aa8dae "HTTP/1.1 200 OK"
2025-01-08 12:48:14,316 - notion_sync - INFO - Updated record with service_id: 143
2025-01-08 12:48:14,641 - httpx - INFO - HTTP Request: POST https://api.notion.com/v1/databases/1733a17e5d7f8009bbf6d7c68b1cacf1/query "HTTP/1.1 200 OK"
2025-01-08 12:48:15,479 - httpx - INFO - HTTP Request: PATCH https://api.notion.com/v1/pages/1753a17e-5d7f-8195-93ba-d98d15377ce6 "HTTP/1.1 200 OK"
2025-01-08 12:48:15,481 - notion_sync - INFO - Archived record with service_id: 145 and page_id: 1753a17e-5d7f-8195-93ba-d98d15377ce6
2025-01-08 12:48:15,481 - notion_sync - INFO - ✅ Successfully synced 3 records.
2025-01-08 12:48:15,481 - nontion_sync.tasks - INFO - ✅ Sync result for 1733a17e5d7f8009bbf6d7c68b1cacf1: Sync completed. 3 records synced.
2025-01-08 12:48:15,484 - nontion_sync.tasks - INFO - Processing NotionDbConfig: Аналітика по людям
2025-01-08 12:48:16,284 - httpx - INFO - HTTP Request: POST https://api.notion.com/v1/databases/1743a17e5d7f80daa1e2c6c5c7cc979c/query "HTTP/1.1 200 OK"
2025-01-08 12:48:17,184 - httpx - INFO - HTTP Request: PATCH https://api.notion.com/v1/pages/1743a17e-5d7f-819a-b15a-c2abc5fcfe2d "HTTP/1.1 200 OK"
2025-01-08 12:48:17,185 - notion_sync - INFO - Updated record with responsible: Insomnia
2025-01-08 12:48:17,505 - httpx - INFO - HTTP Request: POST https://api.notion.com/v1/databases/1743a17e5d7f80daa1e2c6c5c7cc979c/query "HTTP/1.1 200 OK"
2025-01-08 12:48:18,207 - httpx - INFO - HTTP Request: PATCH https://api.notion.com/v1/pages/1743a17e-5d7f-81d5-9336-d572a6cf1112 "HTTP/1.1 200 OK"
2025-01-08 12:48:18,208 - notion_sync - INFO - Updated record with responsible: Mirage
2025-01-08 12:48:19,691 - httpx - INFO - HTTP Request: POST https://api.notion.com/v1/databases/1743a17e5d7f80daa1e2c6c5c7cc979c/query "HTTP/1.1 200 OK"
2025-01-08 12:48:20,312 - httpx - INFO - HTTP Request: PATCH https://api.notion.com/v1/pages/1743a17e-5d7f-811c-9129-c6abd0ecc4c7 "HTTP/1.1 200 OK"
2025-01-08 12:48:20,313 - notion_sync - INFO - Updated record with responsible: Voice
2025-01-08 12:48:20,314 - notion_sync - INFO - ✅ Successfully synced 3 records.
2025-01-08 12:48:20,314 - nontion_sync.tasks - INFO - ✅ Sync result for 1743a17e5d7f80daa1e2c6c5c7cc979c: Sync completed. 3 records synced.
2025-01-08 12:48:20,316 - nontion_sync.tasks - INFO - Processing NotionDbConfig: Аналітика по бізнесюнітам
2025-01-08 12:48:21,166 - httpx - INFO - HTTP Request: POST https://api.notion.com/v1/databases/1743a17e5d7f801b8009d5b5788e8c00/query "HTTP/1.1 200 OK"
2025-01-08 12:48:22,476 - httpx - INFO - HTTP Request: PATCH https://api.notion.com/v1/pages/1743a17e-5d7f-8184-b200-c7c1a3eeea59 "HTTP/1.1 200 OK"
2025-01-08 12:48:22,478 - notion_sync - INFO - Updated record with responsible: 1
2025-01-08 12:48:22,798 - httpx - INFO - HTTP Request: POST https://api.notion.com/v1/databases/1743a17e5d7f801b8009d5b5788e8c00/query "HTTP/1.1 200 OK"
2025-01-08 12:48:24,080 - httpx - INFO - HTTP Request: PATCH https://api.notion.com/v1/pages/1743a17e-5d7f-8124-970d-e308d74fe818 "HTTP/1.1 200 OK"
2025-01-08 12:48:24,081 - notion_sync - INFO - Updated record with responsible: 6
2025-01-08 12:48:24,560 - httpx - INFO - HTTP Request: POST https://api.notion.com/v1/databases/1743a17e5d7f801b8009d5b5788e8c00/query "HTTP/1.1 200 OK"
2025-01-08 12:48:25,358 - httpx - INFO - HTTP Request: PATCH https://api.notion.com/v1/pages/1743a17e-5d7f-8107-9fb4-f6ee50f085f2 "HTTP/1.1 200 OK"
2025-01-08 12:48:25,368 - notion_sync - INFO - Updated record with responsible: 15
2025-01-08 12:48:25,368 - notion_sync - INFO - ✅ Successfully synced 3 records.
2025-01-08 12:48:25,368 - nontion_sync.tasks - INFO - ✅ Sync result for 1743a17e5d7f801b8009d5b5788e8c00: Sync completed. 3 records synced.
2025-01-08 12:58:19,583 - nontion_sync.tasks - INFO - Processing NotionDbConfig: Аналітика по сервісам
2025-01-08 12:58:21,817 - httpx - INFO - HTTP Request: POST https://api.notion.com/v1/databases/13e3a17e5d7f80da9a55e1a01feda7b3/query "HTTP/1.1 200 OK"
2025-01-08 12:58:21,820 - notion_sync - INFO - Fetched 5 records from Notion.
2025-01-08 12:58:21,823 - notion_sync - INFO - ✅ Updated record: 1743a17e-5d7f-80b3-88c5-f74429d51974
2025-01-08 12:58:21,824 - notion_sync - INFO - ✅ Updated record: 1723a17e-5d7f-803a-894e-d9abffea0707
2025-01-08 12:58:21,825 - notion_sync - INFO - ✅ Updated record: 1723a17e-5d7f-80da-a724-fb6e50a0c611
2025-01-08 12:58:21,825 - notion_sync - INFO - ✅ Updated record: 1723a17e-5d7f-8035-b292-d8205deb68a5
2025-01-08 12:58:21,826 - notion_sync - INFO - ✅ Updated record: 1723a17e-5d7f-801d-a4e9-fed3001dadd1
2025-01-08 12:58:21,826 - notion_sync - INFO - Sync completed. 5/5 records synced.
2025-01-08 12:58:21,826 - nontion_sync.tasks - INFO - ✅ Sync result for 13e3a17e5d7f80da9a55e1a01feda7b3: Sync completed. 5/5 records synced.
2025-01-08 12:58:21,827 - nontion_sync.tasks - INFO - Processing NotionDbConfig: Аналітика по сервісам
2025-01-08 12:58:22,492 - httpx - INFO - HTTP Request: POST https://api.notion.com/v1/databases/1733a17e5d7f8009bbf6d7c68b1cacf1/query "HTTP/1.1 200 OK"
2025-01-08 12:58:23,435 - httpx - INFO - HTTP Request: POST https://api.notion.com/v1/databases/1733a17e5d7f8009bbf6d7c68b1cacf1/query "HTTP/1.1 200 OK"
2025-01-08 12:58:25,432 - httpx - INFO - HTTP Request: PATCH https://api.notion.com/v1/pages/1743a17e-5d7f-813f-a6c3-ea5e5f63e9fe "HTTP/1.1 200 OK"
2025-01-08 12:58:25,442 - notion_sync - INFO - Updated record with service_id: 116
2025-01-08 12:58:26,870 - httpx - INFO - HTTP Request: POST https://api.notion.com/v1/databases/1733a17e5d7f8009bbf6d7c68b1cacf1/query "HTTP/1.1 200 OK"
2025-01-08 12:58:27,696 - httpx - INFO - HTTP Request: PATCH https://api.notion.com/v1/pages/1743a17e-5d7f-8175-a1ef-e145ddfae7ea "HTTP/1.1 200 OK"
2025-01-08 12:58:27,703 - notion_sync - INFO - Updated record with service_id: 122
2025-01-08 12:58:28,676 - httpx - INFO - HTTP Request: POST https://api.notion.com/v1/databases/1733a17e5d7f8009bbf6d7c68b1cacf1/query "HTTP/1.1 200 OK"
2025-01-08 12:58:29,394 - httpx - INFO - HTTP Request: PATCH https://api.notion.com/v1/pages/1743a17e-5d7f-81a5-b00c-e642d8aa8dae "HTTP/1.1 200 OK"
2025-01-08 12:58:29,395 - notion_sync - INFO - Updated record with service_id: 143
2025-01-08 12:58:29,395 - notion_sync - INFO - ✅ Successfully synced 3 records.
2025-01-08 12:58:29,395 - nontion_sync.tasks - INFO - ✅ Sync result for 1733a17e5d7f8009bbf6d7c68b1cacf1: Sync completed. 3 records synced.
2025-01-08 12:58:29,396 - nontion_sync.tasks - INFO - Processing NotionDbConfig: Аналітика по людям
2025-01-08 12:58:30,222 - httpx - INFO - HTTP Request: POST https://api.notion.com/v1/databases/1743a17e5d7f80daa1e2c6c5c7cc979c/query "HTTP/1.1 200 OK"
2025-01-08 12:58:31,233 - httpx - INFO - HTTP Request: PATCH https://api.notion.com/v1/pages/1743a17e-5d7f-819a-b15a-c2abc5fcfe2d "HTTP/1.1 200 OK"
2025-01-08 12:58:31,234 - notion_sync - INFO - Updated record with responsible: Insomnia
2025-01-08 12:58:32,120 - httpx - INFO - HTTP Request: POST https://api.notion.com/v1/databases/1743a17e5d7f80daa1e2c6c5c7cc979c/query "HTTP/1.1 200 OK"
2025-01-08 12:58:33,284 - httpx - INFO - HTTP Request: PATCH https://api.notion.com/v1/pages/1743a17e-5d7f-81d5-9336-d572a6cf1112 "HTTP/1.1 200 OK"
2025-01-08 12:58:33,285 - notion_sync - INFO - Updated record with responsible: Mirage
2025-01-08 12:58:33,620 - httpx - INFO - HTTP Request: POST https://api.notion.com/v1/databases/1743a17e5d7f80daa1e2c6c5c7cc979c/query "HTTP/1.1 200 OK"
2025-01-08 12:58:34,678 - httpx - INFO - HTTP Request: PATCH https://api.notion.com/v1/pages/1743a17e-5d7f-811c-9129-c6abd0ecc4c7 "HTTP/1.1 200 OK"
2025-01-08 12:58:34,679 - notion_sync - INFO - Updated record with responsible: Voice
2025-01-08 12:58:34,679 - notion_sync - INFO - ✅ Successfully synced 3 records.
2025-01-08 12:58:34,680 - nontion_sync.tasks - INFO - ✅ Sync result for 1743a17e5d7f80daa1e2c6c5c7cc979c: Sync completed. 3 records synced.
2025-01-08 12:58:34,682 - nontion_sync.tasks - INFO - Processing NotionDbConfig: Аналітика по бізнесюнітам
2025-01-08 12:58:35,591 - httpx - INFO - HTTP Request: POST https://api.notion.com/v1/databases/1743a17e5d7f801b8009d5b5788e8c00/query "HTTP/1.1 200 OK"
2025-01-08 12:58:36,399 - httpx - INFO - HTTP Request: PATCH https://api.notion.com/v1/pages/1743a17e-5d7f-8184-b200-c7c1a3eeea59 "HTTP/1.1 200 OK"
2025-01-08 12:58:36,400 - notion_sync - INFO - Updated record with responsible: 1
2025-01-08 12:58:36,734 - httpx - INFO - HTTP Request: POST https://api.notion.com/v1/databases/1743a17e5d7f801b8009d5b5788e8c00/query "HTTP/1.1 200 OK"
2025-01-08 12:58:38,446 - httpx - INFO - HTTP Request: PATCH https://api.notion.com/v1/pages/1743a17e-5d7f-8124-970d-e308d74fe818 "HTTP/1.1 200 OK"
2025-01-08 12:58:38,446 - notion_sync - INFO - Updated record with responsible: 6
2025-01-08 12:58:38,813 - httpx - INFO - HTTP Request: POST https://api.notion.com/v1/databases/1743a17e5d7f801b8009d5b5788e8c00/query "HTTP/1.1 200 OK"
2025-01-08 12:58:39,510 - httpx - INFO - HTTP Request: PATCH https://api.notion.com/v1/pages/1743a17e-5d7f-8107-9fb4-f6ee50f085f2 "HTTP/1.1 200 OK"
2025-01-08 12:58:39,510 - notion_sync - INFO - Updated record with responsible: 15
2025-01-08 12:58:39,511 - notion_sync - INFO - ✅ Successfully synced 3 records.
2025-01-08 12:58:39,511 - nontion_sync.tasks - INFO - ✅ Sync result for 1743a17e5d7f801b8009d5b5788e8c00: Sync completed. 3 records synced.
2025-01-08 12:59:07,108 - nontion_sync.tasks - INFO - Processing NotionDbConfig: Аналітика по сервісам
2025-01-08 12:59:08,042 - httpx - INFO - HTTP Request: POST https://api.notion.com/v1/databases/13e3a17e5d7f80da9a55e1a01feda7b3/query "HTTP/1.1 200 OK"
2025-01-08 12:59:08,043 - notion_sync - INFO - Fetched 4 records from Notion.
2025-01-08 12:59:08,048 - notion_sync - INFO - Deleted 1 records removed from Notion.
2025-01-08 12:59:08,049 - notion_sync - INFO - ✅ Updated record: 1743a17e-5d7f-80b3-88c5-f74429d51974
2025-01-08 12:59:08,050 - notion_sync - INFO - ✅ Updated record: 1723a17e-5d7f-803a-894e-d9abffea0707
2025-01-08 12:59:08,051 - notion_sync - INFO - ✅ Updated record: 1723a17e-5d7f-80da-a724-fb6e50a0c611
2025-01-08 12:59:08,051 - notion_sync - INFO - ✅ Updated record: 1723a17e-5d7f-801d-a4e9-fed3001dadd1
2025-01-08 12:59:08,051 - notion_sync - INFO - Sync completed. 4/4 records synced.
2025-01-08 12:59:08,051 - nontion_sync.tasks - INFO - ✅ Sync result for 13e3a17e5d7f80da9a55e1a01feda7b3: Sync completed. 4/4 records synced.
2025-01-08 12:59:08,053 - nontion_sync.tasks - INFO - Processing NotionDbConfig: Аналітика по сервісам
2025-01-08 12:59:08,658 - httpx - INFO - HTTP Request: POST https://api.notion.com/v1/databases/1733a17e5d7f8009bbf6d7c68b1cacf1/query "HTTP/1.1 200 OK"
2025-01-08 12:59:09,130 - httpx - INFO - HTTP Request: POST https://api.notion.com/v1/databases/1733a17e5d7f8009bbf6d7c68b1cacf1/query "HTTP/1.1 200 OK"
2025-01-08 12:59:09,729 - httpx - INFO - HTTP Request: PATCH https://api.notion.com/v1/pages/1743a17e-5d7f-8175-a1ef-e145ddfae7ea "HTTP/1.1 200 OK"
2025-01-08 12:59:09,730 - notion_sync - INFO - Updated record with service_id: 122
2025-01-08 12:59:10,069 - httpx - INFO - HTTP Request: POST https://api.notion.com/v1/databases/1733a17e5d7f8009bbf6d7c68b1cacf1/query "HTTP/1.1 200 OK"
2025-01-08 12:59:10,663 - httpx - INFO - HTTP Request: PATCH https://api.notion.com/v1/pages/1743a17e-5d7f-81a5-b00c-e642d8aa8dae "HTTP/1.1 200 OK"
2025-01-08 12:59:10,664 - notion_sync - INFO - Updated record with service_id: 143
2025-01-08 12:59:11,093 - httpx - INFO - HTTP Request: POST https://api.notion.com/v1/databases/1733a17e5d7f8009bbf6d7c68b1cacf1/query "HTTP/1.1 200 OK"
2025-01-08 12:59:12,323 - httpx - INFO - HTTP Request: PATCH https://api.notion.com/v1/pages/1743a17e-5d7f-813f-a6c3-ea5e5f63e9fe "HTTP/1.1 200 OK"
2025-01-08 12:59:12,324 - notion_sync - INFO - Archived record with service_id: 116 and page_id: 1743a17e-5d7f-813f-a6c3-ea5e5f63e9fe
2025-01-08 12:59:12,324 - notion_sync - INFO - ✅ Successfully synced 2 records.
2025-01-08 12:59:12,324 - nontion_sync.tasks - INFO - ✅ Sync result for 1733a17e5d7f8009bbf6d7c68b1cacf1: Sync completed. 2 records synced.
2025-01-08 12:59:12,327 - nontion_sync.tasks - INFO - Processing NotionDbConfig: Аналітика по людям
2025-01-08 12:59:13,350 - httpx - INFO - HTTP Request: POST https://api.notion.com/v1/databases/1743a17e5d7f80daa1e2c6c5c7cc979c/query "HTTP/1.1 200 OK"
2025-01-08 12:59:14,257 - httpx - INFO - HTTP Request: PATCH https://api.notion.com/v1/pages/1743a17e-5d7f-819a-b15a-c2abc5fcfe2d "HTTP/1.1 200 OK"
2025-01-08 12:59:14,258 - notion_sync - INFO - Updated record with responsible: Insomnia
2025-01-08 12:59:14,822 - httpx - INFO - HTTP Request: POST https://api.notion.com/v1/databases/1743a17e5d7f80daa1e2c6c5c7cc979c/query "HTTP/1.1 200 OK"
2025-01-08 12:59:15,837 - httpx - INFO - HTTP Request: PATCH https://api.notion.com/v1/pages/1743a17e-5d7f-811c-9129-c6abd0ecc4c7 "HTTP/1.1 200 OK"
2025-01-08 12:59:15,838 - notion_sync - INFO - Updated record with responsible: Voice
2025-01-08 12:59:15,838 - notion_sync - INFO - ✅ Successfully synced 2 records.
2025-01-08 12:59:15,838 - nontion_sync.tasks - INFO - ✅ Sync result for 1743a17e5d7f80daa1e2c6c5c7cc979c: Sync completed. 2 records synced.
2025-01-08 12:59:15,841 - nontion_sync.tasks - INFO - Processing NotionDbConfig: Аналітика по бізнесюнітам
2025-01-08 12:59:16,780 - httpx - INFO - HTTP Request: POST https://api.notion.com/v1/databases/1743a17e5d7f801b8009d5b5788e8c00/query "HTTP/1.1 200 OK"
2025-01-08 12:59:17,991 - httpx - INFO - HTTP Request: PATCH https://api.notion.com/v1/pages/1743a17e-5d7f-8184-b200-c7c1a3eeea59 "HTTP/1.1 200 OK"
2025-01-08 12:59:17,993 - notion_sync - INFO - Updated record with responsible: 1
2025-01-08 12:59:18,499 - httpx - INFO - HTTP Request: POST https://api.notion.com/v1/databases/1743a17e5d7f801b8009d5b5788e8c00/query "HTTP/1.1 200 OK"
2025-01-08 12:59:19,424 - httpx - INFO - HTTP Request: PATCH https://api.notion.com/v1/pages/1743a17e-5d7f-8124-970d-e308d74fe818 "HTTP/1.1 200 OK"
2025-01-08 12:59:19,425 - notion_sync - INFO - Updated record with responsible: 6
2025-01-08 12:59:19,790 - httpx - INFO - HTTP Request: POST https://api.notion.com/v1/databases/1743a17e5d7f801b8009d5b5788e8c00/query "HTTP/1.1 200 OK"
2025-01-08 12:59:21,067 - httpx - INFO - HTTP Request: PATCH https://api.notion.com/v1/pages/1743a17e-5d7f-8107-9fb4-f6ee50f085f2 "HTTP/1.1 200 OK"
2025-01-08 12:59:21,068 - notion_sync - INFO - Updated record with responsible: 15
2025-01-08 12:59:21,068 - notion_sync - INFO - ✅ Successfully synced 3 records.
2025-01-08 12:59:21,069 - nontion_sync.tasks - INFO - ✅ Sync result for 1743a17e5d7f801b8009d5b5788e8c00: Sync completed. 3 records synced.
2025-01-08 13:02:00,276 - nontion_sync.tasks - INFO - Processing NotionDbConfig: Аналітика по сервісам
2025-01-08 13:02:01,775 - httpx - INFO - HTTP Request: POST https://api.notion.com/v1/databases/13e3a17e5d7f80da9a55e1a01feda7b3/query "HTTP/1.1 200 OK"
2025-01-08 13:02:01,778 - notion_sync - INFO - Fetched 4 records from Notion.
2025-01-08 13:02:01,783 - notion_sync - INFO - ✅ Updated record: 1743a17e-5d7f-80b3-88c5-f74429d51974
2025-01-08 13:02:01,785 - notion_sync - INFO - ✅ Updated record: 1723a17e-5d7f-803a-894e-d9abffea0707
2025-01-08 13:02:01,786 - notion_sync - INFO - ✅ Updated record: 1723a17e-5d7f-80da-a724-fb6e50a0c611
2025-01-08 13:02:01,787 - notion_sync - INFO - ✅ Updated record: 1723a17e-5d7f-801d-a4e9-fed3001dadd1
2025-01-08 13:02:01,787 - notion_sync - INFO - Sync completed. 4/4 records synced.
2025-01-08 13:02:01,787 - nontion_sync.tasks - INFO - ✅ Sync result for 13e3a17e5d7f80da9a55e1a01feda7b3: Sync completed. 4/4 records synced.
2025-01-08 13:02:01,790 - nontion_sync.tasks - INFO - Processing NotionDbConfig: Аналітика по сервісам
2025-01-08 13:02:03,119 - httpx - INFO - HTTP Request: POST https://api.notion.com/v1/databases/1733a17e5d7f8009bbf6d7c68b1cacf1/query "HTTP/1.1 200 OK"
2025-01-08 13:02:03,701 - httpx - INFO - HTTP Request: POST https://api.notion.com/v1/databases/1733a17e5d7f8009bbf6d7c68b1cacf1/query "HTTP/1.1 200 OK"
2025-01-08 13:02:05,168 - httpx - INFO - HTTP Request: PATCH https://api.notion.com/v1/pages/1743a17e-5d7f-8175-a1ef-e145ddfae7ea "HTTP/1.1 200 OK"
2025-01-08 13:02:05,170 - notion_sync - INFO - Updated record with service_id: 122
2025-01-08 13:02:06,153 - httpx - INFO - HTTP Request: POST https://api.notion.com/v1/databases/1733a17e5d7f8009bbf6d7c68b1cacf1/query "HTTP/1.1 200 OK"
2025-01-08 13:02:07,024 - httpx - INFO - HTTP Request: PATCH https://api.notion.com/v1/pages/1743a17e-5d7f-81a5-b00c-e642d8aa8dae "HTTP/1.1 200 OK"
2025-01-08 13:02:07,024 - notion_sync - INFO - Updated record with service_id: 143
2025-01-08 13:02:07,024 - notion_sync - INFO - ✅ Successfully synced 2 records.
2025-01-08 13:02:07,024 - nontion_sync.tasks - INFO - ✅ Sync result for 1733a17e5d7f8009bbf6d7c68b1cacf1: Sync completed. 2 records synced.
2025-01-08 13:02:07,025 - nontion_sync.tasks - INFO - Processing NotionDbConfig: Аналітика по людям
2025-01-08 13:02:07,660 - httpx - INFO - HTTP Request: POST https://api.notion.com/v1/databases/1743a17e5d7f80daa1e2c6c5c7cc979c/query "HTTP/1.1 200 OK"
2025-01-08 13:02:09,289 - httpx - INFO - HTTP Request: PATCH https://api.notion.com/v1/pages/1743a17e-5d7f-819a-b15a-c2abc5fcfe2d "HTTP/1.1 200 OK"
2025-01-08 13:02:09,302 - notion_sync - INFO - Updated record with responsible: Insomnia
2025-01-08 13:02:13,087 - httpx - INFO - HTTP Request: POST https://api.notion.com/v1/databases/1743a17e5d7f80daa1e2c6c5c7cc979c/query "HTTP/1.1 200 OK"
2025-01-08 13:02:15,431 - httpx - INFO - HTTP Request: PATCH https://api.notion.com/v1/pages/1743a17e-5d7f-811c-9129-c6abd0ecc4c7 "HTTP/1.1 200 OK"
2025-01-08 13:02:15,431 - notion_sync - INFO - Updated record with responsible: Voice
2025-01-08 13:02:15,432 - notion_sync - INFO - ✅ Successfully synced 2 records.
2025-01-08 13:02:15,432 - nontion_sync.tasks - INFO - ✅ Sync result for 1743a17e5d7f80daa1e2c6c5c7cc979c: Sync completed. 2 records synced.
2025-01-08 13:02:15,434 - nontion_sync.tasks - INFO - Processing NotionDbConfig: Аналітика по бізнесюнітам
2025-01-08 13:02:16,233 - httpx - INFO - HTTP Request: POST https://api.notion.com/v1/databases/1743a17e5d7f801b8009d5b5788e8c00/query "HTTP/1.1 200 OK"
2025-01-08 13:02:17,906 - httpx - INFO - HTTP Request: PATCH https://api.notion.com/v1/pages/1743a17e-5d7f-8184-b200-c7c1a3eeea59 "HTTP/1.1 200 OK"
2025-01-08 13:02:17,938 - notion_sync - INFO - Updated record with responsible: 1
2025-01-08 13:02:18,346 - httpx - INFO - HTTP Request: POST https://api.notion.com/v1/databases/1743a17e5d7f801b8009d5b5788e8c00/query "HTTP/1.1 200 OK"
2025-01-08 13:02:19,631 - httpx - INFO - HTTP Request: PATCH https://api.notion.com/v1/pages/1743a17e-5d7f-8124-970d-e308d74fe818 "HTTP/1.1 200 OK"
2025-01-08 13:02:19,632 - notion_sync - INFO - Updated record with responsible: 6
2025-01-08 13:02:20,094 - httpx - INFO - HTTP Request: POST https://api.notion.com/v1/databases/1743a17e5d7f801b8009d5b5788e8c00/query "HTTP/1.1 200 OK"
2025-01-08 13:02:20,565 - httpx - INFO - HTTP Request: PATCH https://api.notion.com/v1/pages/1743a17e-5d7f-8107-9fb4-f6ee50f085f2 "HTTP/1.1 200 OK"
2025-01-08 13:02:20,566 - notion_sync - INFO - Updated record with responsible: 15
2025-01-08 13:02:20,566 - notion_sync - INFO - ✅ Successfully synced 3 records.
2025-01-08 13:02:20,566 - nontion_sync.tasks - INFO - ✅ Sync result for 1743a17e5d7f801b8009d5b5788e8c00: Sync completed. 3 records synced.
2025-01-08 13:11:59,332 - nontion_sync.tasks - INFO - Processing NotionDbConfig: Аналітика по сервісам
2025-01-08 13:12:04,842 - httpx - INFO - HTTP Request: POST https://api.notion.com/v1/databases/13e3a17e5d7f80da9a55e1a01feda7b3/query "HTTP/1.1 200 OK"
2025-01-08 13:12:04,848 - notion_sync - INFO - Fetched 4 records from Notion.
2025-01-08 13:12:04,853 - notion_sync - INFO - ✅ Updated record: 1743a17e-5d7f-80b3-88c5-f74429d51974
2025-01-08 13:12:04,854 - notion_sync - INFO - ✅ Updated record: 1723a17e-5d7f-803a-894e-d9abffea0707
2025-01-08 13:12:04,855 - notion_sync - INFO - ✅ Updated record: 1723a17e-5d7f-80da-a724-fb6e50a0c611
2025-01-08 13:12:04,856 - notion_sync - INFO - ✅ Updated record: 1723a17e-5d7f-801d-a4e9-fed3001dadd1
2025-01-08 13:12:04,856 - notion_sync - INFO - Sync completed. 4/4 records synced.
2025-01-08 13:12:04,856 - nontion_sync.tasks - INFO - ✅ Sync result for 13e3a17e5d7f80da9a55e1a01feda7b3: Sync completed. 4/4 records synced.
2025-01-08 13:12:04,859 - nontion_sync.tasks - INFO - Processing NotionDbConfig: Аналітика по сервісам
2025-01-08 13:12:06,169 - httpx - INFO - HTTP Request: POST https://api.notion.com/v1/databases/1733a17e5d7f8009bbf6d7c68b1cacf1/query "HTTP/1.1 200 OK"
2025-01-08 13:12:07,144 - httpx - INFO - HTTP Request: POST https://api.notion.com/v1/databases/1733a17e5d7f8009bbf6d7c68b1cacf1/query "HTTP/1.1 200 OK"
2025-01-08 13:12:09,427 - httpx - INFO - HTTP Request: PATCH https://api.notion.com/v1/pages/1743a17e-5d7f-8175-a1ef-e145ddfae7ea "HTTP/1.1 200 OK"
2025-01-08 13:12:09,432 - notion_sync - INFO - Updated record with service_id: 122
2025-01-08 13:12:13,002 - httpx - INFO - HTTP Request: POST https://api.notion.com/v1/databases/1733a17e5d7f8009bbf6d7c68b1cacf1/query "HTTP/1.1 200 OK"
2025-01-08 13:12:13,517 - httpx - INFO - HTTP Request: PATCH https://api.notion.com/v1/pages/1743a17e-5d7f-81a5-b00c-e642d8aa8dae "HTTP/1.1 200 OK"
2025-01-08 13:12:13,518 - notion_sync - INFO - Updated record with service_id: 143
2025-01-08 13:12:13,518 - notion_sync - INFO - ✅ Successfully synced 2 records.
2025-01-08 13:12:13,518 - nontion_sync.tasks - INFO - ✅ Sync result for 1733a17e5d7f8009bbf6d7c68b1cacf1: Sync completed. 2 records synced.
2025-01-08 13:12:13,520 - nontion_sync.tasks - INFO - Processing NotionDbConfig: Аналітика по людям
2025-01-08 13:12:15,042 - httpx - INFO - HTTP Request: POST https://api.notion.com/v1/databases/1743a17e5d7f80daa1e2c6c5c7cc979c/query "HTTP/1.1 200 OK"
2025-01-08 13:12:15,047 - notion_sync - ERROR - Attempt 1 failed: 'BU ID'. Retrying in 5 seconds...
2025-01-08 13:12:20,455 - httpx - INFO - HTTP Request: POST https://api.notion.com/v1/databases/1743a17e5d7f80daa1e2c6c5c7cc979c/query "HTTP/1.1 200 OK"
2025-01-08 13:12:20,456 - notion_sync - ERROR - Attempt 2 failed: 'BU ID'. Retrying in 10 seconds...
2025-01-08 13:12:31,657 - httpx - INFO - HTTP Request: POST https://api.notion.com/v1/databases/1743a17e5d7f80daa1e2c6c5c7cc979c/query "HTTP/1.1 200 OK"
2025-01-08 13:12:31,658 - notion_sync - ERROR - Attempt 3 failed: 'BU ID'. Retrying in 20 seconds...
2025-01-08 13:12:51,659 - nontion_sync.tasks - INFO - ✅ Sync result for 1743a17e5d7f80daa1e2c6c5c7cc979c: Sync completed. 0 records synced.
2025-01-08 13:12:51,661 - nontion_sync.tasks - INFO - Processing NotionDbConfig: Аналітика по бізнесюнітам
2025-01-08 13:12:52,592 - httpx - INFO - HTTP Request: POST https://api.notion.com/v1/databases/1743a17e5d7f801b8009d5b5788e8c00/query "HTTP/1.1 200 OK"
2025-01-08 13:12:53,680 - httpx - INFO - HTTP Request: PATCH https://api.notion.com/v1/pages/1743a17e-5d7f-8184-b200-c7c1a3eeea59 "HTTP/1.1 200 OK"
2025-01-08 13:12:53,687 - notion_sync - INFO - Updated record with responsible: 1
2025-01-08 13:12:54,027 - httpx - INFO - HTTP Request: POST https://api.notion.com/v1/databases/1743a17e5d7f801b8009d5b5788e8c00/query "HTTP/1.1 200 OK"
2025-01-08 13:12:55,212 - httpx - INFO - HTTP Request: PATCH https://api.notion.com/v1/pages/1743a17e-5d7f-8124-970d-e308d74fe818 "HTTP/1.1 200 OK"
2025-01-08 13:12:55,213 - notion_sync - INFO - Updated record with responsible: 6
2025-01-08 13:12:56,905 - httpx - INFO - HTTP Request: POST https://api.notion.com/v1/databases/1743a17e5d7f801b8009d5b5788e8c00/query "HTTP/1.1 200 OK"
2025-01-08 13:12:57,837 - httpx - INFO - HTTP Request: PATCH https://api.notion.com/v1/pages/1743a17e-5d7f-8107-9fb4-f6ee50f085f2 "HTTP/1.1 200 OK"
2025-01-08 13:12:57,837 - notion_sync - INFO - Updated record with responsible: 15
2025-01-08 13:12:57,837 - notion_sync - INFO - ✅ Successfully synced 3 records.
2025-01-08 13:12:57,837 - nontion_sync.tasks - INFO - ✅ Sync result for 1743a17e5d7f801b8009d5b5788e8c00: Sync completed. 3 records synced.
2025-01-08 13:17:11,692 - nontion_sync.tasks - INFO - Processing NotionDbConfig: Аналітика по сервісам
2025-01-08 13:17:13,112 - httpx - INFO - HTTP Request: POST https://api.notion.com/v1/databases/13e3a17e5d7f80da9a55e1a01feda7b3/query "HTTP/1.1 200 OK"
2025-01-08 13:17:13,115 - notion_sync - INFO - Fetched 4 records from Notion.
2025-01-08 13:17:13,119 - notion_sync - INFO - ✅ Updated record: 1743a17e-5d7f-80b3-88c5-f74429d51974
2025-01-08 13:17:13,121 - notion_sync - INFO - ✅ Updated record: 1723a17e-5d7f-803a-894e-d9abffea0707
2025-01-08 13:17:13,123 - notion_sync - INFO - ✅ Updated record: 1723a17e-5d7f-80da-a724-fb6e50a0c611
2025-01-08 13:17:13,124 - notion_sync - INFO - ✅ Updated record: 1723a17e-5d7f-801d-a4e9-fed3001dadd1
2025-01-08 13:17:13,125 - notion_sync - INFO - Sync completed. 4/4 records synced.
2025-01-08 13:17:13,125 - nontion_sync.tasks - INFO - ✅ Sync result for 13e3a17e5d7f80da9a55e1a01feda7b3: Sync completed. 4/4 records synced.
2025-01-08 13:17:13,126 - nontion_sync.tasks - INFO - Processing NotionDbConfig: Аналітика по сервісам
2025-01-08 13:17:14,635 - httpx - INFO - HTTP Request: POST https://api.notion.com/v1/databases/1733a17e5d7f8009bbf6d7c68b1cacf1/query "HTTP/1.1 200 OK"
2025-01-08 13:17:15,094 - httpx - INFO - HTTP Request: POST https://api.notion.com/v1/databases/1733a17e5d7f8009bbf6d7c68b1cacf1/query "HTTP/1.1 200 OK"
2025-01-08 13:17:16,290 - httpx - INFO - HTTP Request: PATCH https://api.notion.com/v1/pages/1743a17e-5d7f-8175-a1ef-e145ddfae7ea "HTTP/1.1 200 OK"
2025-01-08 13:17:16,291 - notion_sync - INFO - Updated record with service_id: 122
2025-01-08 13:17:16,684 - httpx - INFO - HTTP Request: POST https://api.notion.com/v1/databases/1733a17e5d7f8009bbf6d7c68b1cacf1/query "HTTP/1.1 200 OK"
2025-01-08 13:17:17,927 - httpx - INFO - HTTP Request: PATCH https://api.notion.com/v1/pages/1743a17e-5d7f-81a5-b00c-e642d8aa8dae "HTTP/1.1 200 OK"
2025-01-08 13:17:17,928 - notion_sync - INFO - Updated record with service_id: 143
2025-01-08 13:17:17,928 - notion_sync - INFO - ✅ Successfully synced 2 records.
2025-01-08 13:17:17,929 - nontion_sync.tasks - INFO - ✅ Sync result for 1733a17e5d7f8009bbf6d7c68b1cacf1: Sync completed. 2 records synced.
2025-01-08 13:17:17,931 - nontion_sync.tasks - INFO - Processing NotionDbConfig: Аналітика по людям
2025-01-08 13:17:19,229 - httpx - INFO - HTTP Request: POST https://api.notion.com/v1/databases/1743a17e5d7f80daa1e2c6c5c7cc979c/query "HTTP/1.1 200 OK"
2025-01-08 13:17:19,230 - notion_sync - ERROR - Attempt 1 failed: 'rich_text'. Retrying in 5 seconds...
2025-01-08 13:17:24,637 - httpx - INFO - HTTP Request: POST https://api.notion.com/v1/databases/1743a17e5d7f80daa1e2c6c5c7cc979c/query "HTTP/1.1 200 OK"
2025-01-08 13:17:24,639 - notion_sync - ERROR - Attempt 2 failed: 'rich_text'. Retrying in 10 seconds...
2025-01-08 13:17:35,901 - httpx - INFO - HTTP Request: POST https://api.notion.com/v1/databases/1743a17e5d7f80daa1e2c6c5c7cc979c/query "HTTP/1.1 200 OK"
2025-01-08 13:17:35,901 - notion_sync - ERROR - Attempt 3 failed: 'rich_text'. Retrying in 20 seconds...
2025-01-08 13:17:55,902 - nontion_sync.tasks - INFO - ✅ Sync result for 1743a17e5d7f80daa1e2c6c5c7cc979c: Sync completed. 0 records synced.
2025-01-08 13:17:55,907 - nontion_sync.tasks - INFO - Processing NotionDbConfig: Аналітика по бізнесюнітам
2025-01-08 13:17:57,200 - httpx - INFO - HTTP Request: POST https://api.notion.com/v1/databases/1743a17e5d7f801b8009d5b5788e8c00/query "HTTP/1.1 200 OK"
2025-01-08 13:17:57,630 - httpx - INFO - HTTP Request: POST https://api.notion.com/v1/databases/1743a17e5d7f801b8009d5b5788e8c00/query "HTTP/1.1 200 OK"
2025-01-08 13:17:58,814 - httpx - INFO - HTTP Request: PATCH https://api.notion.com/v1/pages/1743a17e-5d7f-8184-b200-c7c1a3eeea59 "HTTP/1.1 200 OK"
2025-01-08 13:17:58,815 - notion_sync - INFO - Updated record with responsible: 1
2025-01-08 13:17:59,206 - httpx - INFO - HTTP Request: POST https://api.notion.com/v1/databases/1743a17e5d7f801b8009d5b5788e8c00/query "HTTP/1.1 200 OK"
2025-01-08 13:18:00,555 - httpx - INFO - HTTP Request: PATCH https://api.notion.com/v1/pages/1743a17e-5d7f-8124-970d-e308d74fe818 "HTTP/1.1 200 OK"
2025-01-08 13:18:00,556 - notion_sync - INFO - Updated record with responsible: 6
2025-01-08 13:18:01,560 - httpx - INFO - HTTP Request: POST https://api.notion.com/v1/databases/1743a17e5d7f801b8009d5b5788e8c00/query "HTTP/1.1 200 OK"
2025-01-08 13:18:02,889 - httpx - INFO - HTTP Request: PATCH https://api.notion.com/v1/pages/1743a17e-5d7f-8107-9fb4-f6ee50f085f2 "HTTP/1.1 200 OK"
2025-01-08 13:18:02,890 - notion_sync - INFO - Updated record with responsible: 15
2025-01-08 13:18:02,890 - notion_sync - INFO - ✅ Successfully synced 3 records.
2025-01-08 13:18:02,891 - nontion_sync.tasks - INFO - ✅ Sync result for 1743a17e5d7f801b8009d5b5788e8c00: Sync completed. 3 records synced.
2025-01-08 13:20:42,519 - nontion_sync.tasks - INFO - Processing NotionDbConfig: Аналітика по сервісам
2025-01-08 13:20:43,357 - httpx - INFO - HTTP Request: POST https://api.notion.com/v1/databases/13e3a17e5d7f80da9a55e1a01feda7b3/query "HTTP/1.1 200 OK"
2025-01-08 13:20:43,361 - notion_sync - INFO - Fetched 4 records from Notion.
2025-01-08 13:20:43,363 - notion_sync - INFO - ✅ Updated record: 1743a17e-5d7f-80b3-88c5-f74429d51974
2025-01-08 13:20:43,364 - notion_sync - INFO - ✅ Updated record: 1723a17e-5d7f-803a-894e-d9abffea0707
2025-01-08 13:20:43,365 - notion_sync - INFO - ✅ Updated record: 1723a17e-5d7f-80da-a724-fb6e50a0c611
2025-01-08 13:20:43,365 - notion_sync - INFO - ✅ Updated record: 1723a17e-5d7f-801d-a4e9-fed3001dadd1
2025-01-08 13:20:43,365 - notion_sync - INFO - Sync completed. 4/4 records synced.
2025-01-08 13:20:43,366 - nontion_sync.tasks - INFO - ✅ Sync result for 13e3a17e5d7f80da9a55e1a01feda7b3: Sync completed. 4/4 records synced.
2025-01-08 13:20:43,366 - nontion_sync.tasks - INFO - Processing NotionDbConfig: Аналітика по сервісам
2025-01-08 13:20:43,963 - httpx - INFO - HTTP Request: POST https://api.notion.com/v1/databases/1733a17e5d7f8009bbf6d7c68b1cacf1/query "HTTP/1.1 200 OK"
2025-01-08 13:20:44,375 - httpx - INFO - HTTP Request: POST https://api.notion.com/v1/databases/1733a17e5d7f8009bbf6d7c68b1cacf1/query "HTTP/1.1 200 OK"
2025-01-08 13:20:45,396 - httpx - INFO - HTTP Request: PATCH https://api.notion.com/v1/pages/1743a17e-5d7f-8175-a1ef-e145ddfae7ea "HTTP/1.1 200 OK"
2025-01-08 13:20:45,398 - notion_sync - INFO - Updated record with service_id: 122
2025-01-08 13:20:46,367 - httpx - INFO - HTTP Request: POST https://api.notion.com/v1/databases/1733a17e5d7f8009bbf6d7c68b1cacf1/query "HTTP/1.1 200 OK"
2025-01-08 13:20:47,523 - httpx - INFO - HTTP Request: PATCH https://api.notion.com/v1/pages/1743a17e-5d7f-81a5-b00c-e642d8aa8dae "HTTP/1.1 200 OK"
2025-01-08 13:20:47,524 - notion_sync - INFO - Updated record with service_id: 143
2025-01-08 13:20:47,524 - notion_sync - INFO - ✅ Successfully synced 2 records.
2025-01-08 13:20:47,524 - nontion_sync.tasks - INFO - ✅ Sync result for 1733a17e5d7f8009bbf6d7c68b1cacf1: Sync completed. 2 records synced.
2025-01-08 13:20:47,525 - nontion_sync.tasks - INFO - Processing NotionDbConfig: Аналітика по людям
2025-01-08 13:20:48,931 - httpx - INFO - HTTP Request: POST https://api.notion.com/v1/databases/1743a17e5d7f80daa1e2c6c5c7cc979c/query "HTTP/1.1 200 OK"
2025-01-08 13:20:48,933 - notion_sync - ERROR - Attempt 1 failed: list indices must be integers or slices, not str. Retrying in 5 seconds...
2025-01-08 13:20:54,955 - httpx - INFO - HTTP Request: POST https://api.notion.com/v1/databases/1743a17e5d7f80daa1e2c6c5c7cc979c/query "HTTP/1.1 200 OK"
2025-01-08 13:20:54,956 - notion_sync - ERROR - Attempt 2 failed: list indices must be integers or slices, not str. Retrying in 10 seconds...
2025-01-08 13:21:06,072 - httpx - INFO - HTTP Request: POST https://api.notion.com/v1/databases/1743a17e5d7f80daa1e2c6c5c7cc979c/query "HTTP/1.1 200 OK"
2025-01-08 13:21:06,091 - notion_sync - ERROR - Attempt 3 failed: list indices must be integers or slices, not str. Retrying in 20 seconds...
2025-01-08 13:21:26,092 - nontion_sync.tasks - INFO - ✅ Sync result for 1743a17e5d7f80daa1e2c6c5c7cc979c: Sync completed. 0 records synced.
2025-01-08 13:21:26,094 - nontion_sync.tasks - INFO - Processing NotionDbConfig: Аналітика по бізнесюнітам
2025-01-08 13:21:27,458 - httpx - INFO - HTTP Request: POST https://api.notion.com/v1/databases/1743a17e5d7f801b8009d5b5788e8c00/query "HTTP/1.1 200 OK"
2025-01-08 13:21:27,804 - httpx - INFO - HTTP Request: POST https://api.notion.com/v1/databases/1743a17e5d7f801b8009d5b5788e8c00/query "HTTP/1.1 200 OK"
2025-01-08 13:21:29,125 - httpx - INFO - HTTP Request: PATCH https://api.notion.com/v1/pages/1743a17e-5d7f-8184-b200-c7c1a3eeea59 "HTTP/1.1 200 OK"
2025-01-08 13:21:29,126 - notion_sync - INFO - Updated record with responsible: 1
2025-01-08 13:21:30,034 - httpx - INFO - HTTP Request: POST https://api.notion.com/v1/databases/1743a17e5d7f801b8009d5b5788e8c00/query "HTTP/1.1 200 OK"
2025-01-08 13:21:30,657 - httpx - INFO - HTTP Request: PATCH https://api.notion.com/v1/pages/1743a17e-5d7f-8124-970d-e308d74fe818 "HTTP/1.1 200 OK"
2025-01-08 13:21:30,658 - notion_sync - INFO - Updated record with responsible: 6
2025-01-08 13:21:31,802 - httpx - INFO - HTTP Request: POST https://api.notion.com/v1/databases/1743a17e5d7f801b8009d5b5788e8c00/query "HTTP/1.1 200 OK"
2025-01-08 13:21:32,588 - httpx - INFO - HTTP Request: PATCH https://api.notion.com/v1/pages/1743a17e-5d7f-8107-9fb4-f6ee50f085f2 "HTTP/1.1 200 OK"
2025-01-08 13:21:32,589 - notion_sync - INFO - Updated record with responsible: 15
2025-01-08 13:21:32,589 - notion_sync - INFO - ✅ Successfully synced 3 records.
2025-01-08 13:21:32,589 - nontion_sync.tasks - INFO - ✅ Sync result for 1743a17e5d7f801b8009d5b5788e8c00: Sync completed. 3 records synced.
2025-01-08 13:28:01,021 - nontion_sync.tasks - INFO - Processing NotionDbConfig: Аналітика по сервісам
2025-01-08 13:28:02,879 - httpx - INFO - HTTP Request: POST https://api.notion.com/v1/databases/13e3a17e5d7f80da9a55e1a01feda7b3/query "HTTP/1.1 200 OK"
2025-01-08 13:28:02,882 - notion_sync - INFO - Fetched 4 records from Notion.
2025-01-08 13:28:02,884 - notion_sync - INFO - ✅ Updated record: 1743a17e-5d7f-80b3-88c5-f74429d51974
2025-01-08 13:28:02,885 - notion_sync - INFO - ✅ Updated record: 1723a17e-5d7f-803a-894e-d9abffea0707
2025-01-08 13:28:02,886 - notion_sync - INFO - ✅ Updated record: 1723a17e-5d7f-80da-a724-fb6e50a0c611
2025-01-08 13:28:02,886 - notion_sync - INFO - ✅ Updated record: 1723a17e-5d7f-801d-a4e9-fed3001dadd1
2025-01-08 13:28:02,886 - notion_sync - INFO - Sync completed. 4/4 records synced.
2025-01-08 13:28:02,887 - nontion_sync.tasks - INFO - ✅ Sync result for 13e3a17e5d7f80da9a55e1a01feda7b3: Sync completed. 4/4 records synced.
2025-01-08 13:28:02,887 - nontion_sync.tasks - INFO - Processing NotionDbConfig: Аналітика по сервісам
2025-01-08 13:28:04,087 - httpx - INFO - HTTP Request: POST https://api.notion.com/v1/databases/1733a17e5d7f8009bbf6d7c68b1cacf1/query "HTTP/1.1 200 OK"
2025-01-08 13:28:05,194 - httpx - INFO - HTTP Request: POST https://api.notion.com/v1/databases/1733a17e5d7f8009bbf6d7c68b1cacf1/query "HTTP/1.1 200 OK"
2025-01-08 13:28:06,331 - httpx - INFO - HTTP Request: PATCH https://api.notion.com/v1/pages/1743a17e-5d7f-8175-a1ef-e145ddfae7ea "HTTP/1.1 200 OK"
2025-01-08 13:28:06,332 - notion_sync - INFO - Updated record with service_id: 122
2025-01-08 13:28:07,243 - httpx - INFO - HTTP Request: POST https://api.notion.com/v1/databases/1733a17e5d7f8009bbf6d7c68b1cacf1/query "HTTP/1.1 200 OK"
2025-01-08 13:28:08,080 - httpx - INFO - HTTP Request: PATCH https://api.notion.com/v1/pages/1743a17e-5d7f-81a5-b00c-e642d8aa8dae "HTTP/1.1 200 OK"
2025-01-08 13:28:08,081 - notion_sync - INFO - Updated record with service_id: 143
2025-01-08 13:28:08,081 - notion_sync - INFO - ✅ Successfully synced 2 records.
2025-01-08 13:28:08,081 - nontion_sync.tasks - INFO - ✅ Sync result for 1733a17e5d7f8009bbf6d7c68b1cacf1: Sync completed. 2 records synced.
2025-01-08 13:28:08,083 - nontion_sync.tasks - INFO - Processing NotionDbConfig: Аналітика по людям
2025-01-08 13:28:09,525 - httpx - INFO - HTTP Request: POST https://api.notion.com/v1/databases/1743a17e5d7f80daa1e2c6c5c7cc979c/query "HTTP/1.1 200 OK"
2025-01-08 13:28:10,063 - httpx - INFO - HTTP Request: POST https://api.notion.com/v1/databases/1743a17e5d7f80daa1e2c6c5c7cc979c/query "HTTP/1.1 200 OK"
2025-01-08 13:28:11,398 - httpx - INFO - HTTP Request: PATCH https://api.notion.com/v1/pages/1743a17e-5d7f-819a-b15a-c2abc5fcfe2d "HTTP/1.1 200 OK"
2025-01-08 13:28:11,399 - notion_sync - INFO - Updated record with responsible: Insomnia
2025-01-08 13:28:11,987 - httpx - INFO - HTTP Request: POST https://api.notion.com/v1/databases/1743a17e5d7f80daa1e2c6c5c7cc979c/query "HTTP/1.1 200 OK"
2025-01-08 13:28:12,429 - httpx - INFO - HTTP Request: PATCH https://api.notion.com/v1/pages/1743a17e-5d7f-811c-9129-c6abd0ecc4c7 "HTTP/1.1 200 OK"
2025-01-08 13:28:12,430 - notion_sync - INFO - Updated record with responsible: Voice
2025-01-08 13:28:12,843 - httpx - INFO - HTTP Request: POST https://api.notion.com/v1/databases/1743a17e5d7f80daa1e2c6c5c7cc979c/query "HTTP/1.1 200 OK"
2025-01-08 13:28:13,996 - httpx - INFO - HTTP Request: PATCH https://api.notion.com/v1/pages/1743a17e-5d7f-81d5-9336-d572a6cf1112 "HTTP/1.1 200 OK"
2025-01-08 13:28:13,997 - notion_sync - INFO - Archived record with service_id: Mirage and page_id: 1743a17e-5d7f-81d5-9336-d572a6cf1112
2025-01-08 13:28:13,997 - notion_sync - INFO - ✅ Successfully synced 2 records.
2025-01-08 13:28:13,998 - nontion_sync.tasks - INFO - ✅ Sync result for 1743a17e5d7f80daa1e2c6c5c7cc979c: Sync completed. 2 records synced.
2025-01-08 13:28:13,999 - nontion_sync.tasks - INFO - Processing NotionDbConfig: Аналітика по бізнесюнітам
2025-01-08 13:28:15,176 - httpx - INFO - HTTP Request: POST https://api.notion.com/v1/databases/1743a17e5d7f801b8009d5b5788e8c00/query "HTTP/1.1 200 OK"
2025-01-08 13:28:15,616 - httpx - INFO - HTTP Request: POST https://api.notion.com/v1/databases/1743a17e5d7f801b8009d5b5788e8c00/query "HTTP/1.1 200 OK"
2025-01-08 13:28:17,647 - httpx - INFO - HTTP Request: PATCH https://api.notion.com/v1/pages/1743a17e-5d7f-8184-b200-c7c1a3eeea59 "HTTP/1.1 200 OK"
2025-01-08 13:28:17,648 - notion_sync - INFO - Updated record with responsible: 1
2025-01-08 13:28:18,885 - httpx - INFO - HTTP Request: POST https://api.notion.com/v1/databases/1743a17e5d7f801b8009d5b5788e8c00/query "HTTP/1.1 200 OK"
2025-01-08 13:28:19,432 - httpx - INFO - HTTP Request: PATCH https://api.notion.com/v1/pages/1743a17e-5d7f-8124-970d-e308d74fe818 "HTTP/1.1 200 OK"
2025-01-08 13:28:19,432 - notion_sync - INFO - Updated record with responsible: 6
2025-01-08 13:28:19,780 - httpx - INFO - HTTP Request: POST https://api.notion.com/v1/databases/1743a17e5d7f801b8009d5b5788e8c00/query "HTTP/1.1 200 OK"
2025-01-08 13:28:20,322 - httpx - INFO - HTTP Request: PATCH https://api.notion.com/v1/pages/1743a17e-5d7f-8107-9fb4-f6ee50f085f2 "HTTP/1.1 200 OK"
2025-01-08 13:28:20,323 - notion_sync - INFO - Updated record with responsible: 15
2025-01-08 13:28:20,324 - notion_sync - INFO - ✅ Successfully synced 3 records.
2025-01-08 13:28:20,324 - nontion_sync.tasks - INFO - ✅ Sync result for 1743a17e5d7f801b8009d5b5788e8c00: Sync completed. 3 records synced.
